"../../../Engine/Content/Animation/DefaultAnimBoneCompressionSettings.uasset" 0
"../../../Projects/EndlessRunnerMobile/Content/Character/Run__1__Skeleton.uasset" 1
"../../../Projects/EndlessRunnerMobile/Content/Character/Idle__1_.uasset" 2
"../../../Projects/EndlessRunnerMobile/Content/Geometry/Meshes/CubeMaterial.uasset" 3
"../../../Projects/EndlessRunnerMobile/Content/Geometry/Meshes/1M_Cube_Chamfer.uasset" 4
"../../../Projects/EndlessRunnerMobile/Content/Mannequin/Character/Mesh/UE4_Mannequin_Skeleton.uasset" 5
"../../../Projects/EndlessRunnerMobile/Content/Mannequin/Animations/ThirdPersonJump_End.uasset" 6
"../../../Engine/Content/Functions/Engine_MaterialFunctions02/SafeNormalize.uasset" 7
"../../../Engine/Content/Functions/Engine_MaterialFunctions02/Math/CreateThirdOrthogonalVector.uasset" 8
"../../../Engine/Content/Functions/Engine_MaterialFunctions02/Math/InverseTransformMatrix.uasset" 9
"../../../Engine/Content/Functions/Engine_MaterialFunctions02/Math/TransformToZVector.uasset" 10
"../../../Engine/Content/Functions/Engine_MaterialFunctions02/Utility/CameraDirectionVector.uasset" 11
"../../../Engine/Content/Functions/Engine_MaterialFunctions02/Utility/VectorLength.uasset" 12
"../../../Engine/Content/EngineVolumetrics/Fogsheet/Materials/T_EV_BlankWhite_01.uasset" 13
"../../../Engine/Content/Functions/Engine_MaterialFunctions01/Texturing/ParallaxOcclusionMapping.uasset" 14
"../../../Projects/EndlessRunnerMobile/Content/MedievalDungeon/Textures/T_Blank_A.uasset" 15
"../../../Projects/EndlessRunnerMobile/Content/MedievalDungeon/Textures/T_Blank_C.uasset" 16
"../../../Projects/EndlessRunnerMobile/Content/MedievalDungeon/Textures/T_Blank_N.uasset" 17
"../../../Projects/EndlessRunnerMobile/Content/MedievalDungeon/Materials/M_Tiling_Master.uasset" 18
"../../../Projects/EndlessRunnerMobile/Content/MedievalDungeon/Textures/T_StoneWall_A.uasset" 19
"../../../Projects/EndlessRunnerMobile/Content/MedievalDungeon/Textures/T_StoneWall_C.uasset" 20
"../../../Projects/EndlessRunnerMobile/Content/MedievalDungeon/Textures/T_StoneWall_H.uasset" 21
"../../../Projects/EndlessRunnerMobile/Content/MedievalDungeon/Textures/T_StoneWall_N.uasset" 22
"../../../Projects/EndlessRunnerMobile/Content/MedievalDungeon/Materials/M_StoneWall_Inst.uasset" 23
"../../../Projects/EndlessRunnerMobile/Content/MedievalDungeon/Meshes/Architecture/Crypt/SM_Crypt_Ceiling_Flat.uasset" 24
"../../../Projects/EndlessRunnerMobile/Content/MedievalDungeon/Meshes/Architecture/Crypt/SM_Crypt_Ceiling_Half.uasset" 25
"../../../Projects/EndlessRunnerMobile/Content/MedievalDungeon/Meshes/Architecture/Crypt/SM_Crypt_Ceiling_Half_B.uasset" 26
"../../../Projects/EndlessRunnerMobile/Content/MedievalDungeon/Meshes/Architecture/Crypt/SM_Crypt_Wall_Half.uasset" 27
"../../../Engine/Content/Functions/Engine_MaterialFunctions01/Gradient/LinearGradient.uasset" 28
"../../../Engine/Content/Functions/Engine_MaterialFunctions01/ImageAdjustment/CheapContrast.uasset" 29
"../../../Engine/Content/Functions/Engine_MaterialFunctions02/Math/MultiplyAdd.uasset" 30
"../../../Engine/Content/Functions/Engine_MaterialFunctions02/Texturing/ScreenAlignedPixelToPixelUVs.uasset" 31
"../../../Engine/Content/EngineMaterials/Good64x64TilingNoiseHighFreq.uasset" 32
"../../../Engine/Content/Functions/Engine_MaterialFunctions02/Utility/DitherTemporalAA.uasset" 33
"../../../Projects/EndlessRunnerMobile/Content/MedievalDungeon/Materials/M_Master.uasset" 34
"../../../Projects/EndlessRunnerMobile/Content/MedievalDungeon/Textures/T_Ceiling_Arch_Albedo.uasset" 35
"../../../Projects/EndlessRunnerMobile/Content/MedievalDungeon/Textures/T_Ceiling_Arch_Compact.uasset" 36
"../../../Projects/EndlessRunnerMobile/Content/MedievalDungeon/Textures/T_Ceiling_Arch_Normal.uasset" 37
"../../../Projects/EndlessRunnerMobile/Content/MedievalDungeon/Materials/M_Ceiling_Arch_Inst.uasset" 38
"../../../Projects/EndlessRunnerMobile/Content/MedievalDungeon/Meshes/Architecture/Dungeon/SM_Ceiling_Arch_B.uasset" 39
"../../../Projects/EndlessRunnerMobile/Content/MedievalDungeon/Meshes/Architecture/Dungeon/SM_Ceiling_Flat_Half.uasset" 40
"../../../Projects/EndlessRunnerMobile/Content/MedievalDungeon/Meshes/Architecture/Dungeon/SM_Ceiling_Third_Reverse.uasset" 41
"../../../Projects/EndlessRunnerMobile/Content/MedievalDungeon/Meshes/Architecture/Dungeon/SM_Dungeon_Wall_Half.uasset" 42
"../../../Projects/EndlessRunnerMobile/Content/MedievalDungeon/Textures/T_Coffin_Albedo.uasset" 43
"../../../Projects/EndlessRunnerMobile/Content/MedievalDungeon/Textures/T_Coffin_Compact.uasset" 44
"../../../Projects/EndlessRunnerMobile/Content/MedievalDungeon/Textures/T_Coffin_Normal.uasset" 45
"../../../Projects/EndlessRunnerMobile/Content/MedievalDungeon/Materials/M_Coffin_Inst.uasset" 46
"../../../Projects/EndlessRunnerMobile/Content/MedievalDungeon/Meshes/Props/SM_Coffin_Lid.uasset" 47
"../../../Projects/EndlessRunnerMobile/Content/MedievalDungeon/Meshes/Props/SM_Coffin_No_Lid.uasset" 48
"../../../Projects/EndlessRunnerMobile/Content/MedievalDungeon/Textures/T_Gargoyle_Stand_A.uasset" 49
"../../../Projects/EndlessRunnerMobile/Content/MedievalDungeon/Textures/T_Gargoyle_Stand_C.uasset" 50
"../../../Projects/EndlessRunnerMobile/Content/MedievalDungeon/Textures/T_Gargoyle_Stand_N.uasset" 51
"../../../Projects/EndlessRunnerMobile/Content/MedievalDungeon/Materials/M_Gargoyle_Stand_Inst.uasset" 52
"../../../Projects/EndlessRunnerMobile/Content/MedievalDungeon/Meshes/Props/SM_Gargoyle_Statue_Stand.uasset" 53
"../../../Projects/EndlessRunnerMobile/Content/MedievalDungeon/Textures/T_SplitLog_A.uasset" 54
"../../../Projects/EndlessRunnerMobile/Content/MedievalDungeon/Textures/T_SplitLog_C.uasset" 55
"../../../Projects/EndlessRunnerMobile/Content/MedievalDungeon/Textures/T_SplitLog_N.uasset" 56
"../../../Projects/EndlessRunnerMobile/Content/MedievalDungeon/Materials/M_Log_Inst.uasset" 57
"../../../Projects/EndlessRunnerMobile/Content/MedievalDungeon/Meshes/Props/SM_SplitLog.uasset" 58
"../../../Projects/EndlessRunnerMobile/Content/MedievalDungeon/Textures/T_Statue_Hooded_Metal_A.uasset" 59
"../../../Projects/EndlessRunnerMobile/Content/MedievalDungeon/Textures/T_Statue_Hooded_Metal_C.uasset" 60
"../../../Projects/EndlessRunnerMobile/Content/MedievalDungeon/Textures/T_Statue_Hooded_Metal_N.uasset" 61
"../../../Projects/EndlessRunnerMobile/Content/MedievalDungeon/Materials/M_Statue_Hooded_Metal_Inst.uasset" 62
"../../../Projects/EndlessRunnerMobile/Content/MedievalDungeon/Meshes/Props/SM_Statue_Hooded_Metal.uasset" 63
"../../../Projects/EndlessRunnerMobile/Content/MedievalDungeon/Textures/T_Wood_A.uasset" 64
"../../../Projects/EndlessRunnerMobile/Content/MedievalDungeon/Textures/T_Wood_C.uasset" 65
"../../../Projects/EndlessRunnerMobile/Content/MedievalDungeon/Textures/T_Wood_N.uasset" 66
"../../../Projects/EndlessRunnerMobile/Content/MedievalDungeon/Materials/M_Wood_Inst.uasset" 67
"../../../Projects/EndlessRunnerMobile/Content/MedievalDungeon/Meshes/Props/SM_Wood_A.uasset" 68
"../../../Projects/EndlessRunnerMobile/Content/MedievalDungeon/Meshes/Props/SM_Wood_B.uasset" 69
"../../../Projects/EndlessRunnerMobile/Content/MedievalDungeon/Meshes/Props/SM_Wood_C.uasset" 70
"../../../Projects/EndlessRunnerMobile/Content/MedievalDungeon/Meshes/Props/SM_Wood_D.uasset" 71
"../../../Projects/EndlessRunnerMobile/Content/MedievalDungeon/Meshes/Props/SM_Wood_E.uasset" 72
"../../../Projects/EndlessRunnerMobile/Content/MedievalDungeon/Meshes/Props/SM_Wood_F.uasset" 73
"../../../Projects/EndlessRunnerMobile/Content/MedievalDungeon/Textures/T_Skeleton_Clean_A.uasset" 74
"../../../Projects/EndlessRunnerMobile/Content/MedievalDungeon/Textures/T_Skeleton_Clean_C.uasset" 75
"../../../Projects/EndlessRunnerMobile/Content/MedievalDungeon/Textures/T_Skeleton_Clean_N.uasset" 76
"../../../Projects/EndlessRunnerMobile/Content/MedievalDungeon/Textures/T_Skeleton_Dirty_A.uasset" 77
"../../../Projects/EndlessRunnerMobile/Content/MedievalDungeon/Textures/T_Skeleton_Dirty_C.uasset" 78
"../../../Projects/EndlessRunnerMobile/Content/MedievalDungeon/Textures/T_Skeleton_Dirty_N.uasset" 79
"../../../Projects/EndlessRunnerMobile/Content/MedievalDungeon/Materials/M_Skeleton_Dirty.uasset" 80
"../../../Projects/EndlessRunnerMobile/Content/MedievalDungeon/Meshes/Skeletons/SM_Bones_FootRight.uasset" 81
"../../../Projects/EndlessRunnerMobile/Content/MedievalDungeon/Meshes/Skeletons/SM_Bones_HumerusLeft.uasset" 82
"../../../Projects/EndlessRunnerMobile/Content/MedievalDungeon/Meshes/Skeletons/SM_Bones_HumerusRight.uasset" 83
"../../../Projects/EndlessRunnerMobile/Content/MedievalDungeon/Meshes/Skeletons/SM_Bones_PatellaLeft.uasset" 84
"../../../Projects/EndlessRunnerMobile/Content/MedievalDungeon/Meshes/Skeletons/SM_Bones_PatellaRight.uasset" 85
"../../../Projects/EndlessRunnerMobile/Content/MedievalDungeon/Meshes/Skeletons/SM_Bones_ScapulaRight.uasset" 86
"../../../Projects/EndlessRunnerMobile/Content/MedievalDungeon/Meshes/Skeletons/SM_Skeleton_04.uasset" 87
"../../../Projects/EndlessRunnerMobile/Content/MedievalDungeon/Meshes/Skeletons/SM_Skeleton_06.uasset" 88
"../../../Projects/EndlessRunnerMobile/Content/MedievalDungeon/Meshes/Skeletons/SM_Skeleton_07.uasset" 89
"../../../Projects/EndlessRunnerMobile/Content/MedievalDungeon/Textures/T_Steps_A.uasset" 90
"../../../Projects/EndlessRunnerMobile/Content/MedievalDungeon/Textures/T_Steps_C.uasset" 91
"../../../Projects/EndlessRunnerMobile/Content/MedievalDungeon/Textures/T_Steps_N.uasset" 92
"../../../Projects/EndlessRunnerMobile/Content/ThirdPerson/Meshes/RampMaterial.uasset" 93
"../../../Projects/EndlessRunnerMobile/Content/ThirdPerson/Meshes/Bump_StaticMesh.uasset" 94
"../../../Projects/EndlessRunnerMobile/Content/ThirdPerson/Meshes/LeftArm_StaticMesh.uasset" 95
"../../../Projects/EndlessRunnerMobile/Content/ThirdPerson/Meshes/Linear_Stair_StaticMesh.uasset" 96
"../../../Projects/EndlessRunnerMobile/Content/ThirdPerson/Meshes/Ramp_StaticMesh.uasset" 97
"../../../Projects/EndlessRunnerMobile/Content/ThirdPerson/Meshes/RightArm_StaticMesh.uasset" 98
"../../../Projects/EndlessRunnerMobile/Content/ThirdPersonBP/ThirdPersonOverview.uasset" 99
"../../../Engine/Content/BasicShapes/BasicShapeMaterial.uasset" 100
"../../../Projects/EndlessRunnerMobile/Content/MedievalDungeon/Textures/T_Gargoyle_A.uasset" 101
"../../../Projects/EndlessRunnerMobile/Content/MedievalDungeon/Textures/T_Gargoyle_C.uasset" 102
"../../../Projects/EndlessRunnerMobile/Content/MedievalDungeon/Textures/T_Gargoyle_N.uasset" 103
"../../../Projects/EndlessRunnerMobile/Content/MedievalDungeon/Materials/M_Gargoyle_Inst.uasset" 104
"../../../Engine/Content/Functions/Engine_MaterialFunctions01/Opacity/CameraDepthFade.uasset" 105
"../../../Engine/Content/EngineMaterials/T_Default_Material_Grid_M.uasset" 106
"../../../Engine/Content/EngineMaterials/T_Default_Material_Grid_N.uasset" 107
"../../../Engine/Content/EngineMaterials/WorldGridMaterial.uasset" 108
"../../../Engine/Content/BasicShapes/Cube.uasset" 109
"../../../Projects/EndlessRunnerMobile/Content/MedievalDungeon/Meshes/Props/SM_Gargoyle_Statue.uasset" 110
"../../../Projects/EndlessRunnerMobile/Content/ThirdPersonBP/Blueprints/Obstacle_BP.uasset" 111
"../../../Projects/EndlessRunnerMobile/Content/Character/Jump__1_.uasset" 112
"../../../Projects/EndlessRunnerMobile/Content/Character/Run__1__Anim.uasset" 113
"../../../Projects/EndlessRunnerMobile/Content/Character/Character_AnimBP.uasset" 114
"../../../Engine/Content/EditorBlueprintResources/StandardMacros.uasset" 115
"../../../Projects/EndlessRunnerMobile/Content/Mannequin/Animations/ThirdPerson_Jump.uasset" 116
"../../../Projects/EndlessRunnerMobile/Content/Mannequin/Animations/ThirdPersonJump_Loop.uasset" 117
"../../../Projects/EndlessRunnerMobile/Content/Mannequin/Animations/ThirdPersonJump_Start.uasset" 118
"../../../Projects/EndlessRunnerMobile/Content/Mannequin/Animations/ThirdPersonIdle.uasset" 119
"../../../Projects/EndlessRunnerMobile/Content/Mannequin/Animations/ThirdPersonRun.uasset" 120
"../../../Projects/EndlessRunnerMobile/Content/Mannequin/Animations/ThirdPersonWalk.uasset" 121
"../../../Projects/EndlessRunnerMobile/Content/Mannequin/Animations/ThirdPerson_IdleRun_2D.uasset" 122
"../../../Projects/EndlessRunnerMobile/Content/Mannequin/Animations/ThirdPerson_AnimBP.uasset" 123
"../../../Engine/Content/Functions/Engine_MaterialFunctions02/Utility/BlendAngleCorrectedNormals.uasset" 124
"../../../Engine/Content/Functions/MaterialLayerFunctions/MatLayerBlend_NormalBlend.uasset" 125
"../../../Engine/Content/Functions/MaterialLayerFunctions/MatLayerBlend_Simple.uasset" 126
"../../../Projects/EndlessRunnerMobile/Content/Mannequin/Character/Materials/MaterialLayers/T_ML_Rubber_Blue_01_D.uasset" 127
"../../../Projects/EndlessRunnerMobile/Content/Mannequin/Character/Materials/MaterialLayers/T_ML_Rubber_Blue_01_N.uasset" 128
"../../../Projects/EndlessRunnerMobile/Content/Mannequin/Character/Materials/MaterialLayers/ML_GlossyBlack_Latex_UE4.uasset" 129
"../../../Projects/EndlessRunnerMobile/Content/Mannequin/Character/Materials/MaterialLayers/ML_Plastic_Shiny_Beige.uasset" 130
"../../../Projects/EndlessRunnerMobile/Content/Mannequin/Character/Textures/UE4_LOGO_CARD.uasset" 131
"../../../Projects/EndlessRunnerMobile/Content/Mannequin/Character/Materials/MaterialLayers/ML_Plastic_Shiny_Beige_LOGO.uasset" 132
"../../../Projects/EndlessRunnerMobile/Content/Mannequin/Character/Materials/MaterialLayers/T_ML_Aluminum01.uasset" 133
"../../../Projects/EndlessRunnerMobile/Content/Mannequin/Character/Materials/MaterialLayers/T_ML_Aluminum01_N.uasset" 134
"../../../Projects/EndlessRunnerMobile/Content/Mannequin/Character/Materials/MaterialLayers/ML_SoftMetal_UE4.uasset" 135
"../../../Projects/EndlessRunnerMobile/Content/Mannequin/Character/Textures/UE4_Mannequin__normals.uasset" 136
"../../../Projects/EndlessRunnerMobile/Content/Mannequin/Character/Textures/UE4_Mannequin_MAT_MASKA.uasset" 137
"../../../Projects/EndlessRunnerMobile/Content/Mannequin/Character/Materials/M_UE4Man_Body.uasset" 138
"../../../Projects/EndlessRunnerMobile/Content/Mannequin/Character/Textures/UE4Man_Logo_N.uasset" 139
"../../../Projects/EndlessRunnerMobile/Content/Mannequin/Character/Materials/M_UE4Man_ChestLogo.uasset" 140
"../../../Projects/EndlessRunnerMobile/Content/Mannequin/Character/Mesh/SK_Mannequin_PhysicsAsset.uasset" 141
"../../../Projects/EndlessRunnerMobile/Content/Mannequin/Character/Mesh/SK_Mannequin.uasset" 142
"../../../Projects/EndlessRunnerMobile/Content/ThirdPersonBP/Blueprints/Catcher.uasset" 143
"../../../Projects/EndlessRunnerMobile/Content/Character/MocapSuit02_diffuse.uasset" 144
"../../../Projects/EndlessRunnerMobile/Content/Character/Body_MAT.uasset" 145
"../../../Projects/EndlessRunnerMobile/Content/Character/Brows_MAT.uasset" 146
"../../../Projects/EndlessRunnerMobile/Content/Character/Eye_MAT.uasset" 147
"../../../Projects/EndlessRunnerMobile/Content/Character/Eye_Spec_MAT.uasset" 148
"../../../Projects/EndlessRunnerMobile/Content/Character/Reflectors.uasset" 149
"../../../Projects/EndlessRunnerMobile/Content/Character/Reflectors_ncl1_1.uasset" 150
"../../../Projects/EndlessRunnerMobile/Content/Character/Run__1__PhysicsAsset.uasset" 151
"../../../Projects/EndlessRunnerMobile/Content/Character/Run__1_.uasset" 152
"../../../Projects/EndlessRunnerMobile/Content/ThirdPersonBP/Blueprints/kuyas-wallpaper-itachi-hup4adoyyiqca0y8.uasset" 153
"../../../Projects/EndlessRunnerMobile/Content/ThirdPersonBP/Blueprints/menu.uasset" 154
"../../../Projects/EndlessRunnerMobile/Content/ThirdPersonBP/Blueprints/ThirdPersonCharacter.uasset" 155
"../../../Projects/EndlessRunnerMobile/Content/MedievalDungeon/Textures/T_BrickFloor_Clean_A.uasset" 156
"../../../Projects/EndlessRunnerMobile/Content/MedievalDungeon/Textures/T_BrickFloor_Clean_C.uasset" 157
"../../../Projects/EndlessRunnerMobile/Content/MedievalDungeon/Textures/T_BrickFloor_Clean_H.uasset" 158
"../../../Projects/EndlessRunnerMobile/Content/MedievalDungeon/Textures/T_BrickFloor_Clean_N.uasset" 159
"../../../Projects/EndlessRunnerMobile/Content/MedievalDungeon/Materials/M_BrickFloor_Clean_Inst.uasset" 160
"../../../Projects/EndlessRunnerMobile/Content/ThirdPersonBP/Blueprints/Corridor_BP.uasset" 161
"../../../Projects/EndlessRunnerMobile/Content/ThirdPersonBP/Blueprints/Corridor.uasset" 162
"../../../Projects/EndlessRunnerMobile/Content/ThirdPersonBP/Blueprints/ThirdPersonGameMode.uasset" 163
"../../../Engine/Content/Animation/DefaultAnimCurveCompressionSettings.uasset" 164
"../../../Engine/Content/ArtTools/RenderToTexture/Meshes/S_1_Unit_Plane.uasset" 165
"../../../Engine/Content/EngineMaterials/DefaultMaterial.uasset" 166
"../../../Engine/Content/BasicShapes/Cone.uasset" 167
"../../../Engine/Content/BasicShapes/Cylinder.uasset" 168
"../../../Engine/Content/BasicShapes/Plane.uasset" 169
"../../../Engine/Content/BasicShapes/Sphere.uasset" 170
"../../../Engine/Content/EditorLandscapeResources/DataLayer.uasset" 171
"../../../Engine/Content/EditorMaterials/MAT_Groups_Toggle.uasset" 172
"../../../Engine/Content/EditorMaterials/MAT_Groups_Visibility.uasset" 173
"../../../Engine/Content/EditorMaterials/PreviewShadowIndicator.uasset" 174
"../../../Engine/Content/EditorMaterials/PreviewShadowIndicatorMaterial.uasset" 175
"../../../Engine/Content/EditorMaterials/MatineeGroups/MAT_ColorTrack.uasset" 176
"../../../Engine/Content/EditorMaterials/MatineeGroups/MAT_Groups_Anim.uasset" 177
"../../../Engine/Content/EditorMaterials/MatineeGroups/MAT_Groups_AudioMaster.uasset" 178
"../../../Engine/Content/EditorMaterials/MatineeGroups/MAT_Groups_Director.uasset" 179
"../../../Engine/Content/EditorMaterials/MatineeGroups/MAT_Groups_Event.uasset" 180
"../../../Engine/Content/EditorMaterials/MatineeGroups/MAT_Groups_Fade.uasset" 181
"../../../Engine/Content/EditorMaterials/MatineeGroups/MAT_Groups_Float.uasset" 182
"../../../Engine/Content/EditorMaterials/MatineeGroups/MAT_Groups_Move.uasset" 183
"../../../Engine/Content/EditorMaterials/MatineeGroups/MAT_Groups_Slomo.uasset" 184
"../../../Engine/Content/EditorMaterials/MatineeGroups/MAT_Groups_Sound.uasset" 185
"../../../Engine/Content/EditorMaterials/MatineeGroups/MAT_Groups_Vector.uasset" 186
"../../../Engine/Content/EditorMaterials/ParticleSystems/PSysThumbnail_NoImage.uasset" 187
"../../../Engine/Content/EditorMaterials/ParticleSystems/PSysThumbnail_OOD.uasset" 188
"../../../Engine/Content/EditorMaterials/Camera/CineMat.uasset" 189
"../../../Engine/Content/EditorMaterials/Camera/MI_CineMat_Rig.uasset" 190
"../../../Engine/Content/EditorMeshes/Camera/SM_CraneRig_Arm.uasset" 191
"../../../Engine/Content/EditorMeshes/Camera/SM_CraneRig_Base.uasset" 192
"../../../Engine/Content/EditorMeshes/Camera/SM_CraneRig_Body.uasset" 193
"../../../Engine/Content/EditorMeshes/Camera/SM_CraneRig_Mount.uasset" 194
"../../../Engine/Content/EditorMeshes/Camera/SM_RailRig_Mount.uasset" 195
"../../../Engine/Content/EditorMeshes/Camera/SM_RailRig_Track.uasset" 196
"../../../Engine/Content/EditorResources/BSPVertex.uasset" 197
"../../../Engine/Content/EditorResources/EmptyActor.uasset" 198
"../../../Engine/Content/EditorResources/S_Actor.uasset" 199
"../../../Engine/Content/EditorResources/S_Note.uasset" 200
"../../../Engine/Content/EditorResources/S_Solver.uasset" 201
"../../../Engine/Content/EditorResources/S_Trigger.uasset" 202
"../../../Engine/Content/EditorResources/LightIcons/S_LightError.uasset" 203
"../../../Engine/Content/EditorResources/SequenceRecorder/Countdown.uasset" 204
"../../../Engine/Content/EditorResources/SequenceRecorder/RecordingIndicator.uasset" 205
"../../../Engine/Content/EditorSounds/Notifications/CompileFailed.uasset" 206
"../../../Engine/Content/EditorSounds/Notifications/CompileFailed_Cue.uasset" 207
"../../../Engine/Content/EditorSounds/Notifications/CompileSuccess.uasset" 208
"../../../Engine/Content/EditorSounds/Notifications/CompileStart_Cue.uasset" 209
"../../../Engine/Content/EditorSounds/Notifications/CompileSuccess_Cue.uasset" 210
"../../../Engine/Content/EngineDamageTypes/DmgTypeBP_Environmental.uasset" 211
"../../../Engine/Content/EngineDebugMaterials/DebugEditorMaterial.uasset" 212
"../../../Engine/Content/EngineDebugMaterials/DebugMeshMaterial.uasset" 213
"../../../Engine/Content/EngineDebugMaterials/M_SimpleUnlitTranslucent.uasset" 214
"../../../Engine/Content/EngineDebugMaterials/VolumeToRender.uasset" 215
"../../../Engine/Content/EngineDebugMaterials/M_VolumeRenderSphereTracePP.uasset" 216
"../../../Engine/Content/EngineDebugMaterials/WireframeMaterial.uasset" 217
"../../../Engine/Content/EngineFonts/Faces/DroidSansFallback.uasset" 218
"../../../Engine/Content/EngineFonts/Faces/RobotoBold.uasset" 219
"../../../Engine/Content/EngineFonts/Faces/RobotoBoldItalic.uasset" 220
"../../../Engine/Content/EngineFonts/Faces/RobotoItalic.uasset" 221
"../../../Engine/Content/EngineFonts/Faces/RobotoLight.uasset" 222
"../../../Engine/Content/EngineFonts/Faces/RobotoRegular.uasset" 223
"../../../Engine/Content/EngineFonts/Roboto.uasset" 224
"../../../Engine/Content/EngineMaterials/BaseFlattenDiffuseMap.uasset" 225
"../../../Engine/Content/EngineMaterials/BaseFlattenEmissiveMap.uasset" 226
"../../../Engine/Content/EngineMaterials/BaseFlattenGrayscaleMap.uasset" 227
"../../../Engine/Content/EngineMaterials/BaseFlattenNormalMap.uasset" 228
"../../../Engine/Content/EngineMaterials/BaseFlattenMaterial.uasset" 229
"../../../Engine/Content/EngineMaterials/BlueNoise.uasset" 230
"../../../Engine/Content/EngineMaterials/DefaultBloomKernel.uasset" 231
"../../../Engine/Content/EngineMaterials/DefaultBokeh.uasset" 232
"../../../Engine/Content/EngineMaterials/DefaultDiffuse.uasset" 233
"../../../Engine/Content/EngineMaterials/DefaultDeferredDecalMaterial.uasset" 234
"../../../Engine/Content/EngineMaterials/DefaultLightFunctionMaterial.uasset" 235
"../../../Engine/Content/EngineMaterials/DefaultPhysicalMaterial.uasset" 236
"../../../Engine/Content/Functions/Engine_MaterialFunctions02/Utility/BreakOutFloat2Components.uasset" 237
"../../../Engine/Content/EngineMaterials/DefaultPostProcessMaterial.uasset" 238
"../../../Engine/Content/EngineFonts/RobotoDistanceField.uasset" 239
"../../../Engine/Content/EngineMaterials/DefaultTextMaterialOpaque.uasset" 240
"../../../Engine/Content/EngineMaterials/DefaultWhiteGrid.uasset" 241
"../../../Engine/Content/EngineMaterials/DefaultWhiteGrid_Low.uasset" 242
"../../../Engine/Content/EngineMaterials/EmissiveMeshMaterial.uasset" 243
"../../../Engine/Content/EngineMaterials/GizmoMaterial.uasset" 244
"../../../Engine/Content/EngineMaterials/MiniFont.uasset" 245
"../../../Engine/Content/EngineMaterials/InvalidLightmapSettings.uasset" 246
"../../../Engine/Content/EngineMaterials/M_InvalidLightmapSettings.uasset" 247
"../../../Engine/Content/Functions/Engine_MaterialFunctions02/WorldPositionOffset/CameraOffset.uasset" 248
"../../../Engine/Content/EngineMaterials/PhAT_JointLimitMaterial.uasset" 249
"../../../Engine/Content/EngineMaterials/PreintegratedSkinBRDF.uasset" 250
"../../../Engine/Content/EngineMaterials/RemoveSurfaceMaterial.uasset" 251
"../../../Engine/Content/EngineMaterials/WeightMapPlaceholderTexture.uasset" 252
"../../../Engine/Content/EngineResources/WhiteSquareTexture.uasset" 253
"../../../Engine/Content/EngineMaterials/Widget3DPassThrough.uasset" 254
"../../../Engine/Content/EngineMaterials/Widget3DPassThrough_Masked.uasset" 255
"../../../Engine/Content/EngineMaterials/Widget3DPassThrough_Opaque.uasset" 256
"../../../Engine/Content/EngineMaterials/Widget3DPassThrough_Masked_OneSided.uasset" 257
"../../../Engine/Content/EngineMaterials/Widget3DPassThrough_Opaque_OneSided.uasset" 258
"../../../Engine/Content/EngineMaterials/Widget3DPassThrough_Translucent.uasset" 259
"../../../Engine/Content/EngineMaterials/Widget3DPassThrough_Translucent_OneSided.uasset" 260
"../../../Engine/Content/EngineMeshes/Cylinder.uasset" 261
"../../../Engine/Content/EngineMeshes/Sphere.uasset" 262
"../../../Engine/Content/EngineResources/Black.uasset" 263
"../../../Engine/Content/EngineResources/DefaultTexture.uasset" 264
"../../../Engine/Content/EngineResources/DefaultTextureCube.uasset" 265
"../../../Engine/Content/EngineResources/DefaultVolumeTexture2D.uasset" 266
"../../../Engine/Content/EngineResources/DefaultVolumeTexture.uasset" 267
"../../../Engine/Content/EngineResources/GradientTexture0.uasset" 268
"../../../Engine/Content/EngineSounds/Master.uasset" 269
"../../../Engine/Content/Functions/Engine_MaterialFunctions01/Shading/ConvertFromDiffSpec.uasset" 270
"../../../Engine/Content/Functions/Engine_MaterialFunctions01/Shading/PowerToRoughness.uasset" 271
"../../../Engine/Content/Maps/Templates/Thumbnails/Default.uasset" 272
"../../../Engine/Content/Maps/Templates/Thumbnails/TimeOfDay.uasset" 273
"../../../Engine/Content/Maps/Templates/Thumbnails/VR-Basic.uasset" 274
"../../../Engine/Content/MobileResources/T_MobileControls_texture.uasset" 275
"../../../Engine/Content/MobileResources/T_MobileMenu2.uasset" 276
"../../../Engine/Content/MobileResources/HUD/AnalogHat.uasset" 277
"../../../Engine/Content/MobileResources/HUD/VirtualJoystick_Background.uasset" 278
"../../../Engine/Content/MobileResources/HUD/VirtualJoystick_Thumb.uasset" 279
"../../../Engine/Content/MobileResources/HUD/DefaultVirtualJoysticks.uasset" 280
"../../../Engine/Content/MobileResources/HUD/LeftVirtualJoystickOnly.uasset" 281
"../../../Engine/Content/MobileResources/HUD/MobileHUDButton1_off.uasset" 282
"../../../Engine/Content/MobileResources/HUD/MobileHUDButton1_on.uasset" 283
"../../../Engine/Content/MobileResources/HUD/MobileHUDButton2_off.uasset" 284
"../../../Engine/Content/MobileResources/HUD/MobileHUDButton2_on.uasset" 285
"../../../Engine/Content/MobileResources/HUD/MobileHUDButton3.uasset" 286
"../../../Engine/Content/MobileResources/HUD/MobileHUDButtonFire.uasset" 287
"../../../Engine/Content/MobileResources/HUD/MobileHUDDirectionPad.uasset" 288
"../../../Engine/Content/MobileResources/HUD/MobileHUDDirectionPad2.uasset" 289
"../../../Engine/Content/MobileResources/HUD/MobileHUDDirectionPad3.uasset" 290
"../../../Engine/Content/MobileResources/HUD/MobileHUDDirectionStick.uasset" 291
"../../../Engine/Content/MobileResources/HUD/T_Castle_ThumbstickInner.uasset" 292
"../../../Engine/Content/MobileResources/HUD/T_Castle_ThumbstickOutter.uasset" 293
"../../../Engine/Content/Tutorial/ContentIntroCurve.uasset" 294
"../../../Engine/Content/Tutorial/Basics/LevelEditorAttract.uasset" 295
"../../../Engine/Content/VREditor/LaserPointer/VR_LaserPower_01.uasset" 296
"../../../Engine/Content/VREditor/TransformGizmo/TransformGizmoMaterial.uasset" 297
"../../../Engine/Content/VREditor/TransformGizmo/TranslucentTransformGizmoMaterial.uasset" 298
"../../../Engine/Content/VREditor/TransformGizmo/BoundingBoxCorner.uasset" 299
"../../../Engine/Content/VREditor/TransformGizmo/BoundingBoxEdge.uasset" 300
"../../../Engine/Content/VREditor/TransformGizmo/PlaneTranslationHandle.uasset" 301
"../../../Engine/Content/VREditor/TransformGizmo/Main.uasset" 302
"../../../Engine/Content/VREditor/TransformGizmo/Xray.uasset" 303
"../../../Engine/Content/VREditor/TransformGizmo/SM_Sequencer_Key.uasset" 304
"../../../Engine/Content/VREditor/TransformGizmo/SM_Sequencer_Node.uasset" 305
"../../Plugins/2D/Paper2D/Content/PlaceholderTextures/DummySpriteTexture.uasset" 306
"../../Plugins/2D/Paper2D/Content/DummySprite.uasset" 307
"../../Plugins/2D/Paper2D/Content/DefaultPaperTerrainMaterial.uasset" 308
"../../Plugins/2D/Paper2D/Content/DefaultSpriteMaterial.uasset" 309
"../../Plugins/2D/Paper2D/Content/MaskedUnlitSpriteMaterial.uasset" 310
"../../Plugins/2D/Paper2D/Content/OpaqueUnlitSpriteMaterial.uasset" 311
"../../Plugins/FX/Niagara/Content/Enums/ENiagaraBooleanLogicOps.uasset" 312
"../../Plugins/FX/Niagara/Content/Enums/ENiagaraCoordinateSpace.uasset" 313
"../../Plugins/FX/Niagara/Content/Enums/ENiagaraExpansionMode.uasset" 314
"../../Plugins/FX/Niagara/Content/Enums/ENiagaraOrientationAxis.uasset" 315
"../../Plugins/FX/Niagara/Content/Enums/ENiagaraRandomnessMode.uasset" 316
"../../../Engine/Content/Functions/Engine_MaterialFunctions02/Utility/BreakOutFloat4Components.uasset" 317
"../../../Engine/Content/Functions/Engine_MaterialFunctions02/Utility/MakeFloat2.uasset" 318
"../../../Engine/Content/Functions/Engine_MaterialFunctions02/Utility/MakeFloat3.uasset" 319
"../../Plugins/Runtime/Oculus/OculusVR/Content/Materials/OculusMR_ChromaKey.uasset" 320
"../../Plugins/Runtime/Oculus/OculusVR/Content/Materials/OculusMR_ChromaKey_Lit.uasset" 321
"../../Plugins/Runtime/Oculus/OculusVR/Content/Materials/OculusMR_OpaqueColoredMaterial.uasset" 322
"../../Plugins/Runtime/Oculus/OculusVR/Content/Materials/OculusMR_WhiteMaterial.uasset" 323
"../../../Engine/Content/EngineSky/C_Sky_Cloud_Color.uasset" 324
"../../../Engine/Content/EngineSky/C_Sky_Horizon_Color.uasset" 325
"../../../Engine/Content/EngineSky/C_Sky_Zenith_Color.uasset" 326
"../../../Engine/Content/EngineSky/T_Sky_Blue.uasset" 327
"../../../Engine/Content/EngineSky/T_Sky_Clouds_M.uasset" 328
"../../../Engine/Content/EngineSky/T_Sky_Stars.uasset" 329
"../../../Engine/Content/EngineSky/M_Sky_Panning_Clouds2.uasset" 330
"../../../Engine/Content/EngineSky/SM_SkySphere.uasset" 331
"../../../Engine/Content/EngineSky/BP_Sky_Sphere.uasset" 332
"../../../Projects/EndlessRunnerMobile/Content/MedievalDungeon/Textures/T_Candles_A.uasset" 333
"../../../Projects/EndlessRunnerMobile/Content/MedievalDungeon/Textures/T_Candles_C.uasset" 334
"../../../Projects/EndlessRunnerMobile/Content/MedievalDungeon/Textures/T_Candles_N.uasset" 335
"../../../Projects/EndlessRunnerMobile/Content/MedievalDungeon/Materials/M_Candles_Master.uasset" 336
"../../../Projects/EndlessRunnerMobile/Content/MedievalDungeon/Materials/M_Candles_Inst.uasset" 337
"../../../Projects/EndlessRunnerMobile/Content/MedievalDungeon/Meshes/Props/SM_Candle.uasset" 338
"../../../Projects/EndlessRunnerMobile/Content/MedievalDungeon/Particles/Textures/T_CandleFlame.uasset" 339
"../../../Projects/EndlessRunnerMobile/Content/MedievalDungeon/Particles/Materials/M_CandleFlame.uasset" 340
"../../../Projects/EndlessRunnerMobile/Content/MedievalDungeon/Particles/PS_CandleFlame.uasset" 341
"../../../Projects/EndlessRunnerMobile/Content/MedievalDungeon/Blueprints/BP_Candle.uasset" 342
"../../../Projects/EndlessRunnerMobile/Content/MedievalDungeon/Textures/T_Candle_Holder_A.uasset" 343
"../../../Projects/EndlessRunnerMobile/Content/MedievalDungeon/Textures/T_Candle_Holder_C.uasset" 344
"../../../Projects/EndlessRunnerMobile/Content/MedievalDungeon/Textures/T_Candle_Holder_N.uasset" 345
"../../../Projects/EndlessRunnerMobile/Content/MedievalDungeon/Materials/M_Candle_Holder_Inst.uasset" 346
"../../../Projects/EndlessRunnerMobile/Content/MedievalDungeon/Meshes/Props/SM_Candle_Holder.uasset" 347
"../../../Projects/EndlessRunnerMobile/Content/MedievalDungeon/Meshes/Props/SM_Candle_Used_A.uasset" 348
"../../../Projects/EndlessRunnerMobile/Content/MedievalDungeon/Meshes/Props/SM_Candle_Used_B.uasset" 349
"../../../Projects/EndlessRunnerMobile/Content/MedievalDungeon/Meshes/Props/SM_Candle_Used_C.uasset" 350
"../../../Projects/EndlessRunnerMobile/Content/MedievalDungeon/Blueprints/BP_Candle_Holder.uasset" 351
"../../../Projects/EndlessRunnerMobile/Content/MedievalDungeon/Blueprints/BP_Candle_Used_A.uasset" 352
"../../../Projects/EndlessRunnerMobile/Content/MedievalDungeon/Blueprints/BP_Candle_Used_B.uasset" 353
"../../../Projects/EndlessRunnerMobile/Content/MedievalDungeon/Blueprints/BP_Candle_Used_C.uasset" 354
"../../../Projects/EndlessRunnerMobile/Content/MedievalDungeon/Textures/T_CandleHolder_Bronze_A.uasset" 355
"../../../Projects/EndlessRunnerMobile/Content/MedievalDungeon/Textures/T_CandleHolder_Bronze_C.uasset" 356
"../../../Projects/EndlessRunnerMobile/Content/MedievalDungeon/Textures/T_CandleHolder_Bronze_N.uasset" 357
"../../../Projects/EndlessRunnerMobile/Content/MedievalDungeon/Materials/M_CandleHolder_Bronze_Inst.uasset" 358
"../../../Projects/EndlessRunnerMobile/Content/MedievalDungeon/Meshes/Props/SM_CandleHolder_Bronze.uasset" 359
"../../../Projects/EndlessRunnerMobile/Content/MedievalDungeon/Blueprints/BP_CandleHolder_Bronze.uasset" 360
"../../../Projects/EndlessRunnerMobile/Content/MedievalDungeon/Textures/T_CandleHolder_Iron_A.uasset" 361
"../../../Projects/EndlessRunnerMobile/Content/MedievalDungeon/Textures/T_CandleHolder_Iron_C.uasset" 362
"../../../Projects/EndlessRunnerMobile/Content/MedievalDungeon/Textures/T_CandleHolder_Iron_N.uasset" 363
"../../../Projects/EndlessRunnerMobile/Content/MedievalDungeon/Materials/M_CandleHolder_Iron_Inst.uasset" 364
"../../../Projects/EndlessRunnerMobile/Content/MedievalDungeon/Meshes/Props/SM_CandleHolder_Iron.uasset" 365
"../../../Projects/EndlessRunnerMobile/Content/MedievalDungeon/Blueprints/BP_CandleHolder_Iron.uasset" 366
"../../../Projects/EndlessRunnerMobile/Content/MedievalDungeon/Textures/T_CandleStick_Bronze_A.uasset" 367
"../../../Projects/EndlessRunnerMobile/Content/MedievalDungeon/Textures/T_CandleStick_Bronze_C.uasset" 368
"../../../Projects/EndlessRunnerMobile/Content/MedievalDungeon/Textures/T_CandleStick_Bronze_N.uasset" 369
"../../../Projects/EndlessRunnerMobile/Content/MedievalDungeon/Materials/M_CandleStick_Bronze_Inst.uasset" 370
"../../../Projects/EndlessRunnerMobile/Content/MedievalDungeon/Textures/T_CandleStick_Iron_A.uasset" 371
"../../../Projects/EndlessRunnerMobile/Content/MedievalDungeon/Textures/T_CandleStick_Iron_C.uasset" 372
"../../../Projects/EndlessRunnerMobile/Content/MedievalDungeon/Textures/T_CandleStick_Iron_N.uasset" 373
"../../../Projects/EndlessRunnerMobile/Content/MedievalDungeon/Materials/M_CandleStick_Iron_Inst.uasset" 374
"../../../Projects/EndlessRunnerMobile/Content/MedievalDungeon/Meshes/Props/SM_CandleStick_Iron.uasset" 375
"../../../Projects/EndlessRunnerMobile/Content/MedievalDungeon/Blueprints/BP_CandleStick_Bronze.uasset" 376
"../../../Projects/EndlessRunnerMobile/Content/MedievalDungeon/Blueprints/BP_CandleStick_Iron.uasset" 377
"../../../Projects/EndlessRunnerMobile/Content/MedievalDungeon/Textures/T_Cell_Door_Front_A.uasset" 378
"../../../Projects/EndlessRunnerMobile/Content/MedievalDungeon/Textures/T_Cell_Door_Front_C.uasset" 379
"../../../Projects/EndlessRunnerMobile/Content/MedievalDungeon/Textures/T_Cell_Door_Front_N.uasset" 380
"../../../Projects/EndlessRunnerMobile/Content/MedievalDungeon/Materials/M_Cell_Door_Front_Inst.uasset" 381
"../../../Projects/EndlessRunnerMobile/Content/MedievalDungeon/Meshes/Architecture/Dungeon/SM_Cell_Door.uasset" 382
"../../../Projects/EndlessRunnerMobile/Content/MedievalDungeon/Meshes/Architecture/Dungeon/SM_Cell_Front.uasset" 383
"../../../Projects/EndlessRunnerMobile/Content/MedievalDungeon/Blueprints/BP_Cell_Door.uasset" 384
"../../../Projects/EndlessRunnerMobile/Content/MedievalDungeon/Materials/M_Flicker_Light_Function.uasset" 385
"../../../Projects/EndlessRunnerMobile/Content/MedievalDungeon/Textures/T_Chandelier_A.uasset" 386
"../../../Projects/EndlessRunnerMobile/Content/MedievalDungeon/Textures/T_Chandelier_C.uasset" 387
"../../../Projects/EndlessRunnerMobile/Content/MedievalDungeon/Textures/T_Chandelier_N.uasset" 388
"../../../Projects/EndlessRunnerMobile/Content/MedievalDungeon/Materials/M_Chandlier_Inst.uasset" 389
"../../../Projects/EndlessRunnerMobile/Content/MedievalDungeon/Meshes/Props/SM_Chandelier.uasset" 390
"../../../Projects/EndlessRunnerMobile/Content/MedievalDungeon/Blueprints/BP_Chandalier.uasset" 391
"../../../Projects/EndlessRunnerMobile/Content/MedievalDungeon/Textures/T_DoorHardware_Albedo.uasset" 392
"../../../Projects/EndlessRunnerMobile/Content/MedievalDungeon/Textures/T_DoorHardware_C.uasset" 393
"../../../Projects/EndlessRunnerMobile/Content/MedievalDungeon/Textures/T_DoorHardware_N.uasset" 394
"../../../Projects/EndlessRunnerMobile/Content/MedievalDungeon/Materials/M_Door_Hardware_Inst.uasset" 395
"../../../Projects/EndlessRunnerMobile/Content/MedievalDungeon/Textures/T_DoorWay_Large_Door_Right_Albedo.uasset" 396
"../../../Projects/EndlessRunnerMobile/Content/MedievalDungeon/Textures/T_DoorWay_Large_Door_Right_Normal.uasset" 397
"../../../Projects/EndlessRunnerMobile/Content/MedievalDungeon/Textures/T_DoorWay_Large_DoorRight_Compact.uasset" 398
"../../../Projects/EndlessRunnerMobile/Content/MedievalDungeon/Materials/M_Doorway_Large_Right_Door_Inst.uasset" 399
"../../../Projects/EndlessRunnerMobile/Content/MedievalDungeon/Textures/T_Large_Window_Half_A.uasset" 400
"../../../Projects/EndlessRunnerMobile/Content/MedievalDungeon/Textures/T_Large_Window_Half_C.uasset" 401
"../../../Projects/EndlessRunnerMobile/Content/MedievalDungeon/Textures/T_Large_Window_Half_N.uasset" 402
"../../../Projects/EndlessRunnerMobile/Content/MedievalDungeon/Materials/M_Large_Window_Half_Inst.uasset" 403
"../../../Projects/EndlessRunnerMobile/Content/MedievalDungeon/Meshes/Architecture/Crypt/SM_Crypt_Doorway.uasset" 404
"../../../Projects/EndlessRunnerMobile/Content/MedievalDungeon/Textures/T_DoorWay_Large_Door_Left_Albedo.uasset" 405
"../../../Projects/EndlessRunnerMobile/Content/MedievalDungeon/Textures/T_DoorWay_Large_Door_Left_Compact.uasset" 406
"../../../Projects/EndlessRunnerMobile/Content/MedievalDungeon/Textures/T_DoorWay_Large_Door_Left_Normal.uasset" 407
"../../../Projects/EndlessRunnerMobile/Content/MedievalDungeon/Materials/M_Doorway_Large_Left_Door_Inst.uasset" 408
"../../../Projects/EndlessRunnerMobile/Content/MedievalDungeon/Textures/T_Metal_A.uasset" 409
"../../../Projects/EndlessRunnerMobile/Content/MedievalDungeon/Textures/T_Metal_C.uasset" 410
"../../../Projects/EndlessRunnerMobile/Content/MedievalDungeon/Textures/T_Metal_N.uasset" 411
"../../../Projects/EndlessRunnerMobile/Content/MedievalDungeon/Materials/M_Metal_Decor_Inst.uasset" 412
"../../../Projects/EndlessRunnerMobile/Content/MedievalDungeon/Meshes/Architecture/Dungeon/SM_DoorWay_Large_Door_Left.uasset" 413
"../../../Projects/EndlessRunnerMobile/Content/MedievalDungeon/Meshes/Architecture/Dungeon/SM_DoorWay_Large_Door_Right.uasset" 414
"../../../Projects/EndlessRunnerMobile/Content/MedievalDungeon/Blueprints/BP_Crypt_Doorway.uasset" 415
"../../../Projects/EndlessRunnerMobile/Content/MedievalDungeon/Meshes/Architecture/Dungeon/SM_DoorWay.uasset" 416
"../../../Projects/EndlessRunnerMobile/Content/MedievalDungeon/Blueprints/BP_Dungeon_Doorway.uasset" 417
"../../../Projects/EndlessRunnerMobile/Content/MedievalDungeon/Textures/T_Gibbet_Cage_Mount_Texturing_A.uasset" 418
"../../../Projects/EndlessRunnerMobile/Content/MedievalDungeon/Textures/T_Gibbet_Cage_Mount_Texturing_C.uasset" 419
"../../../Projects/EndlessRunnerMobile/Content/MedievalDungeon/Textures/T_Gibbet_Cage_Mount_Texturing_N.uasset" 420
"../../../Projects/EndlessRunnerMobile/Content/MedievalDungeon/Materials/M_Gibbet_Cage_Inst.uasset" 421
"../../../Projects/EndlessRunnerMobile/Content/MedievalDungeon/Meshes/Props/SM_Gibbet_Cage.uasset" 422
"../../../Projects/EndlessRunnerMobile/Content/MedievalDungeon/Meshes/Props/SM_Gibbet_Cage_Wall_Mount.uasset" 423
"../../../Projects/EndlessRunnerMobile/Content/MedievalDungeon/Blueprints/BP_Hanging_Gibbet_Cage.uasset" 424
"../../../Projects/EndlessRunnerMobile/Content/MedievalDungeon/Materials/M_Torch_Flicker_Light_Function.uasset" 425
"../../../Projects/EndlessRunnerMobile/Content/MedievalDungeon/Textures/T_Half_Arch_A.uasset" 426
"../../../Projects/EndlessRunnerMobile/Content/MedievalDungeon/Textures/T_Half_Arch_C.uasset" 427
"../../../Projects/EndlessRunnerMobile/Content/MedievalDungeon/Textures/T_Half_Arch_N.uasset" 428
"../../../Projects/EndlessRunnerMobile/Content/MedievalDungeon/Materials/M_Half_Arch_Inst.uasset" 429
"../../../Projects/EndlessRunnerMobile/Content/MedievalDungeon/Textures/T_Torch_A.uasset" 430
"../../../Projects/EndlessRunnerMobile/Content/MedievalDungeon/Textures/T_Torch_C.uasset" 431
"../../../Projects/EndlessRunnerMobile/Content/MedievalDungeon/Textures/T_Torch_N.uasset" 432
"../../../Projects/EndlessRunnerMobile/Content/MedievalDungeon/Materials/M_Torch_Inst.uasset" 433
"../../../Projects/EndlessRunnerMobile/Content/MedievalDungeon/Meshes/Props/SM_Torch.uasset" 434
"../../../Projects/EndlessRunnerMobile/Content/MedievalDungeon/Particles/Textures/T_Fire_SubUV.uasset" 435
"../../../Projects/EndlessRunnerMobile/Content/MedievalDungeon/Particles/Textures/T_Fire_Tiled_D.uasset" 436
"../../../Projects/EndlessRunnerMobile/Content/MedievalDungeon/Particles/Materials/M_Fire_SubUV.uasset" 437
"../../../Projects/EndlessRunnerMobile/Content/MedievalDungeon/Textures/T_Water_N.uasset" 438
"../../../Projects/EndlessRunnerMobile/Content/MedievalDungeon/Particles/Materials/M_Heat_Distortion.uasset" 439
"../../../Engine/Content/Functions/Engine_MaterialFunctions01/Gradient/RadialGradient.uasset" 440
"../../../Projects/EndlessRunnerMobile/Content/MedievalDungeon/Particles/Materials/M_Radial_Gradient.uasset" 441
"../../../Projects/EndlessRunnerMobile/Content/MedievalDungeon/Particles/Textures/T_Smoke_SubUV.uasset" 442
"../../../Projects/EndlessRunnerMobile/Content/MedievalDungeon/Particles/Textures/T_Smoke_Tiled_D.uasset" 443
"../../../Projects/EndlessRunnerMobile/Content/MedievalDungeon/Particles/Materials/M_smoke_subUV.uasset" 444
"../../../Projects/EndlessRunnerMobile/Content/MedievalDungeon/Particles/P_Torch_Fire.uasset" 445
"../../../Projects/EndlessRunnerMobile/Content/MedievalDungeon/Blueprints/BP_Torch.uasset" 446
"../../../Projects/EndlessRunnerMobile/Content/MedievalDungeon/Maps/Demonstration_BuiltData.uasset" 447
"../../../Projects/EndlessRunnerMobile/Content/MedievalDungeon/Textures/T_Crypt_Wall_Decorative_B_Albedo.uasset" 448
"../../../Projects/EndlessRunnerMobile/Content/MedievalDungeon/Textures/T_Crypt_Wall_Decorative_B_Compact.uasset" 449
"../../../Projects/EndlessRunnerMobile/Content/MedievalDungeon/Textures/T_Crypt_Wall_Decorative_B_Normal.uasset" 450
"../../../Projects/EndlessRunnerMobile/Content/MedievalDungeon/Materials/M_Crypt_Wall_Decorative_B_Inst.uasset" 451
"../../../Projects/EndlessRunnerMobile/Content/MedievalDungeon/Textures/T_Pillar_A.uasset" 452
"../../../Projects/EndlessRunnerMobile/Content/MedievalDungeon/Textures/T_Pillar_C.uasset" 453
"../../../Projects/EndlessRunnerMobile/Content/MedievalDungeon/Textures/T_Pillar_N.uasset" 454
"../../../Projects/EndlessRunnerMobile/Content/MedievalDungeon/Materials/M_Pillar_Inst.uasset" 455
"../../../Projects/EndlessRunnerMobile/Content/MedievalDungeon/Textures/T_Torture_Chair_A.uasset" 456
"../../../Projects/EndlessRunnerMobile/Content/MedievalDungeon/Textures/T_Torture_Chair_C.uasset" 457
"../../../Projects/EndlessRunnerMobile/Content/MedievalDungeon/Textures/T_Torture_Chair_Normal.uasset" 458
"../../../Projects/EndlessRunnerMobile/Content/MedievalDungeon/Materials/M_Torture_Chair_Inst.uasset" 459
"../../../Engine/Content/EngineVolumetrics/Fogsheet/T_EV_Fogsheet_FlareColors_01.uasset" 460
"../../../Projects/EndlessRunnerMobile/Content/MedievalDungeon/Meshes/Architecture/Crypt/SM_Crypt_Ceiling.uasset" 461
"../../../Projects/EndlessRunnerMobile/Content/MedievalDungeon/Meshes/Architecture/Crypt/SM_Crypt_Ceiling_Arch_A.uasset" 462
"../../../Projects/EndlessRunnerMobile/Content/MedievalDungeon/Meshes/Architecture/Crypt/SM_Crypt_Floor.uasset" 463
"../../../Projects/EndlessRunnerMobile/Content/MedievalDungeon/Meshes/Architecture/Crypt/SM_Crypt_Floor_Concave.uasset" 464
"../../../Projects/EndlessRunnerMobile/Content/MedievalDungeon/Meshes/Architecture/Crypt/SM_Crypt_Floor_Concave_End_A.uasset" 465
"../../../Projects/EndlessRunnerMobile/Content/MedievalDungeon/Meshes/Architecture/Crypt/SM_Crypt_Floor_Concave_End_B.uasset" 466
"../../../Projects/EndlessRunnerMobile/Content/MedievalDungeon/Textures/T_Edge_Stones_And_Straight_Column_Texturing_Albedo.uasset" 467
"../../../Projects/EndlessRunnerMobile/Content/MedievalDungeon/Textures/T_Edge_Stones_And_Straight_Column_Texturing_Compact.uasset" 468
"../../../Projects/EndlessRunnerMobile/Content/MedievalDungeon/Textures/T_Edge_Stones_And_Straight_Column_Texturing_Normal.uasset" 469
"../../../Projects/EndlessRunnerMobile/Content/MedievalDungeon/Materials/M_Edge_Stones_Inst.uasset" 470
"../../../Projects/EndlessRunnerMobile/Content/MedievalDungeon/Meshes/Architecture/Crypt/SM_Crypt_Pillar.uasset" 471
"../../../Projects/EndlessRunnerMobile/Content/MedievalDungeon/Meshes/Architecture/Crypt/SM_Crypt_Wall.uasset" 472
"../../../Projects/EndlessRunnerMobile/Content/MedievalDungeon/Textures/T_Dungeon_Wall_Decorative_A_A.uasset" 473
"../../../Projects/EndlessRunnerMobile/Content/MedievalDungeon/Textures/T_Dungeon_Wall_Decorative_A_C.uasset" 474
"../../../Projects/EndlessRunnerMobile/Content/MedievalDungeon/Textures/T_Dungeon_Wall_Decorative_A_N.uasset" 475
"../../../Projects/EndlessRunnerMobile/Content/MedievalDungeon/Materials/M_Crypt_Wall_Decorative_A_Inst.uasset" 476
"../../../Projects/EndlessRunnerMobile/Content/MedievalDungeon/Meshes/Architecture/Crypt/SM_Crypt_Wall_Decorative_A.uasset" 477
"../../../Projects/EndlessRunnerMobile/Content/MedievalDungeon/Meshes/Architecture/Crypt/SM_Crypt_Wall_Decorative_B.uasset" 478
"../../../Projects/EndlessRunnerMobile/Content/MedievalDungeon/Textures/T_Crypt_Wall_Decorative_C_Albedo.uasset" 479
"../../../Projects/EndlessRunnerMobile/Content/MedievalDungeon/Textures/T_Crypt_Wall_Decorative_C_Compact.uasset" 480
"../../../Projects/EndlessRunnerMobile/Content/MedievalDungeon/Textures/T_Crypt_Wall_Decorative_C_Normal.uasset" 481
"../../../Projects/EndlessRunnerMobile/Content/MedievalDungeon/Materials/M_Crypt_Wall_Decorative_C_Inst.uasset" 482
"../../../Projects/EndlessRunnerMobile/Content/MedievalDungeon/Meshes/Architecture/Crypt/SM_Crypt_Wall_Decorative_C.uasset" 483
"../../../Projects/EndlessRunnerMobile/Content/MedievalDungeon/Textures/T_Crypt_Wall_Decorative_D_A.uasset" 484
"../../../Projects/EndlessRunnerMobile/Content/MedievalDungeon/Textures/T_Crypt_Wall_Decorative_D_C.uasset" 485
"../../../Projects/EndlessRunnerMobile/Content/MedievalDungeon/Textures/T_Crypt_Wall_Decorative_D_N.uasset" 486
"../../../Projects/EndlessRunnerMobile/Content/MedievalDungeon/Materials/M_Crypt_Wall_Decorative_D_Inst.uasset" 487
"../../../Projects/EndlessRunnerMobile/Content/MedievalDungeon/Meshes/Architecture/Crypt/SM_Crypt_Wall_Decorative_D.uasset" 488
"../../../Projects/EndlessRunnerMobile/Content/MedievalDungeon/Meshes/Architecture/Crypt/SM_Crypt_Wall_Floor_Trim.uasset" 489
"../../../Projects/EndlessRunnerMobile/Content/MedievalDungeon/Textures/T_Tiling_Plaster_A.uasset" 490
"../../../Projects/EndlessRunnerMobile/Content/MedievalDungeon/Textures/T_Tiling_Plaster_C.uasset" 491
"../../../Projects/EndlessRunnerMobile/Content/MedievalDungeon/Textures/T_Tiling_Plaster_N.uasset" 492
"../../../Projects/EndlessRunnerMobile/Content/MedievalDungeon/Materials/M_Tiling_Plaster_Inst.uasset" 493
"../../../Projects/EndlessRunnerMobile/Content/MedievalDungeon/Meshes/Architecture/Crypt/SM_Crypt_Wall_Plaster.uasset" 494
"../../../Projects/EndlessRunnerMobile/Content/MedievalDungeon/Meshes/Architecture/Crypt/SM_Crypt_Wall_Stop_Gap.uasset" 495
"../../../Projects/EndlessRunnerMobile/Content/MedievalDungeon/Textures/T_Mausoleum_Part_A_A.uasset" 496
"../../../Projects/EndlessRunnerMobile/Content/MedievalDungeon/Textures/T_Mausoleum_Part_A_C.uasset" 497
"../../../Projects/EndlessRunnerMobile/Content/MedievalDungeon/Textures/T_Mausoleum_Part_A_N.uasset" 498
"../../../Projects/EndlessRunnerMobile/Content/MedievalDungeon/Materials/M_Mausoleum_Part_A_Inst.uasset" 499
"../../../Projects/EndlessRunnerMobile/Content/MedievalDungeon/Textures/T_Mausoleum_Part_B_A.uasset" 500
"../../../Projects/EndlessRunnerMobile/Content/MedievalDungeon/Textures/T_Mausoleum_Part_B_C.uasset" 501
"../../../Projects/EndlessRunnerMobile/Content/MedievalDungeon/Textures/T_Mausoleum_Part_B_N.uasset" 502
"../../../Projects/EndlessRunnerMobile/Content/MedievalDungeon/Materials/M_Mausoleum_Part_B_Inst.uasset" 503
"../../../Projects/EndlessRunnerMobile/Content/MedievalDungeon/Meshes/Architecture/Crypt/SM_Mausoleum.uasset" 504
"../../../Projects/EndlessRunnerMobile/Content/MedievalDungeon/Textures/T_Mausoleum_Ceiling_A.uasset" 505
"../../../Projects/EndlessRunnerMobile/Content/MedievalDungeon/Textures/T_Mausoleum_Ceiling_C.uasset" 506
"../../../Projects/EndlessRunnerMobile/Content/MedievalDungeon/Textures/T_Mausoleum_Ceiling_N.uasset" 507
"../../../Projects/EndlessRunnerMobile/Content/MedievalDungeon/Materials/M_Mausoleum_Ceiling_Inst.uasset" 508
"../../../Projects/EndlessRunnerMobile/Content/MedievalDungeon/Meshes/Architecture/Crypt/SM_Mausoleum_Ceiling.uasset" 509
"../../../Projects/EndlessRunnerMobile/Content/MedievalDungeon/Meshes/Architecture/Crypt/SM_Mausoleum_Lid_A.uasset" 510
"../../../Projects/EndlessRunnerMobile/Content/MedievalDungeon/Meshes/Architecture/Crypt/SM_Mausoleum_Lid_B.uasset" 511
"../../../Projects/EndlessRunnerMobile/Content/MedievalDungeon/Meshes/Architecture/Crypt/SM_Mausoleum_Lid_C.uasset" 512
"../../../Projects/EndlessRunnerMobile/Content/MedievalDungeon/Meshes/Architecture/Dungeon/SM_Ceiling.uasset" 513
"../../../Projects/EndlessRunnerMobile/Content/MedievalDungeon/Meshes/Architecture/Dungeon/SM_Ceiling_Arch_A.uasset" 514
"../../../Projects/EndlessRunnerMobile/Content/MedievalDungeon/Meshes/Architecture/Dungeon/SM_Ceiling_Flat.uasset" 515
"../../../Projects/EndlessRunnerMobile/Content/MedievalDungeon/Meshes/Architecture/Dungeon/SM_Ceiling_Half.uasset" 516
"../../../Projects/EndlessRunnerMobile/Content/MedievalDungeon/Meshes/Architecture/Dungeon/SM_Ceiling_Piece.uasset" 517
"../../../Projects/EndlessRunnerMobile/Content/MedievalDungeon/Meshes/Architecture/Dungeon/SM_Ceiling_Piece_B.uasset" 518
"../../../Projects/EndlessRunnerMobile/Content/MedievalDungeon/Meshes/Architecture/Dungeon/SM_Ceiling_Third.uasset" 519
"../../../Projects/EndlessRunnerMobile/Content/MedievalDungeon/Textures/T_Cell_Side_A.uasset" 520
"../../../Projects/EndlessRunnerMobile/Content/MedievalDungeon/Textures/T_Cell_Side_C.uasset" 521
"../../../Projects/EndlessRunnerMobile/Content/MedievalDungeon/Textures/T_Cell_Side_N.uasset" 522
"../../../Projects/EndlessRunnerMobile/Content/MedievalDungeon/Materials/M_Cell_Side_Inst.uasset" 523
"../../../Projects/EndlessRunnerMobile/Content/MedievalDungeon/Meshes/Architecture/Dungeon/SM_Cell_Side.uasset" 524
"../../../Projects/EndlessRunnerMobile/Content/MedievalDungeon/Textures/T_Decorative_Arches_A.uasset" 525
"../../../Projects/EndlessRunnerMobile/Content/MedievalDungeon/Textures/T_Decorative_Arches_C.uasset" 526
"../../../Projects/EndlessRunnerMobile/Content/MedievalDungeon/Textures/T_Decorative_Arches_N.uasset" 527
"../../../Projects/EndlessRunnerMobile/Content/MedievalDungeon/Materials/M_Decorative_Arches_Inst.uasset" 528
"../../../Projects/EndlessRunnerMobile/Content/MedievalDungeon/Meshes/Architecture/Dungeon/SM_Decorative_Arches.uasset" 529
"../../../Projects/EndlessRunnerMobile/Content/MedievalDungeon/Meshes/Architecture/Dungeon/SM_Dungeon_Wall.uasset" 530
"../../../Projects/EndlessRunnerMobile/Content/MedievalDungeon/Materials/M_Dungeon_Wall_Decorative_A_Inst.uasset" 531
"../../../Projects/EndlessRunnerMobile/Content/MedievalDungeon/Meshes/Architecture/Dungeon/SM_Dungeon_Wall_Decorative_A.uasset" 532
"../../../Projects/EndlessRunnerMobile/Content/MedievalDungeon/Meshes/Architecture/Dungeon/SM_Dungeon_Wall_Decorative_D.uasset" 533
"../../../Projects/EndlessRunnerMobile/Content/MedievalDungeon/Meshes/Architecture/Dungeon/SM_Edge_Stones.uasset" 534
"../../../Projects/EndlessRunnerMobile/Content/MedievalDungeon/Textures/T_Fire_Pit_A.uasset" 535
"../../../Projects/EndlessRunnerMobile/Content/MedievalDungeon/Textures/T_Fire_Pit_C.uasset" 536
"../../../Projects/EndlessRunnerMobile/Content/MedievalDungeon/Textures/T_Fire_Pit_N.uasset" 537
"../../../Projects/EndlessRunnerMobile/Content/MedievalDungeon/Materials/M_Fire_Pit_Inst.uasset" 538
"../../../Projects/EndlessRunnerMobile/Content/MedievalDungeon/Meshes/Architecture/Dungeon/SM_Fire_Pit.uasset" 539
"../../../Projects/EndlessRunnerMobile/Content/MedievalDungeon/Meshes/Architecture/Dungeon/SM_Floor.uasset" 540
"../../../Projects/EndlessRunnerMobile/Content/MedievalDungeon/Meshes/Architecture/Dungeon/SM_Half_Arch.uasset" 541
"../../../Projects/EndlessRunnerMobile/Content/MedievalDungeon/Meshes/Architecture/Dungeon/SM_Large_Window_Half.uasset" 542
"../../../Projects/EndlessRunnerMobile/Content/MedievalDungeon/Meshes/Architecture/Dungeon/SM_Pillar.uasset" 543
"../../../Projects/EndlessRunnerMobile/Content/MedievalDungeon/Textures/T_Small_Window_A.uasset" 544
"../../../Projects/EndlessRunnerMobile/Content/MedievalDungeon/Textures/T_Small_Window_C.uasset" 545
"../../../Projects/EndlessRunnerMobile/Content/MedievalDungeon/Textures/T_Small_Window_N.uasset" 546
"../../../Projects/EndlessRunnerMobile/Content/MedievalDungeon/Materials/M_Small_Window_Inst.uasset" 547
"../../../Projects/EndlessRunnerMobile/Content/MedievalDungeon/Meshes/Architecture/Dungeon/SM_Small_Window_Half.uasset" 548
"../../../Projects/EndlessRunnerMobile/Content/MedievalDungeon/Textures/T_Stairs_10_Albedo.uasset" 549
"../../../Projects/EndlessRunnerMobile/Content/MedievalDungeon/Textures/T_Stairs_10_Compact.uasset" 550
"../../../Projects/EndlessRunnerMobile/Content/MedievalDungeon/Textures/T_Stairs_10_Normal.uasset" 551
"../../../Projects/EndlessRunnerMobile/Content/MedievalDungeon/Materials/M_Stairs_10_Inst.uasset" 552
"../../../Projects/EndlessRunnerMobile/Content/MedievalDungeon/Meshes/Architecture/Dungeon/SM_Stairs_10.uasset" 553
"../../../Projects/EndlessRunnerMobile/Content/MedievalDungeon/Meshes/Architecture/Dungeon/SM_Stairs_5.uasset" 554
"../../../Projects/EndlessRunnerMobile/Content/MedievalDungeon/Meshes/Architecture/Dungeon/SM_Wall_Floor_Trim.uasset" 555
"../../../Projects/EndlessRunnerMobile/Content/MedievalDungeon/Meshes/Architecture/Dungeon/Wall_Short.uasset" 556
"../../../Projects/EndlessRunnerMobile/Content/MedievalDungeon/Textures/T_Stone_Altar_A.uasset" 557
"../../../Projects/EndlessRunnerMobile/Content/MedievalDungeon/Textures/T_Stone_Altar_C.uasset" 558
"../../../Projects/EndlessRunnerMobile/Content/MedievalDungeon/Textures/T_Stone_Altar_N.uasset" 559
"../../../Projects/EndlessRunnerMobile/Content/MedievalDungeon/Materials/M_Stone_Altar_Inst.uasset" 560
"../../../Projects/EndlessRunnerMobile/Content/MedievalDungeon/Meshes/Props/SM_Alter.uasset" 561
"../../../Projects/EndlessRunnerMobile/Content/MedievalDungeon/Textures/T_Chains_Texturing_A.uasset" 562
"../../../Projects/EndlessRunnerMobile/Content/MedievalDungeon/Textures/T_Chains_Texturing_C.uasset" 563
"../../../Projects/EndlessRunnerMobile/Content/MedievalDungeon/Textures/T_Chains_Texturing_N.uasset" 564
"../../../Projects/EndlessRunnerMobile/Content/MedievalDungeon/Materials/M_Chains_Inst.uasset" 565
"../../../Projects/EndlessRunnerMobile/Content/MedievalDungeon/Meshes/Props/SM_Ball_And_Chain.uasset" 566
"../../../Projects/EndlessRunnerMobile/Content/MedievalDungeon/Textures/T_Bed_A.uasset" 567
"../../../Projects/EndlessRunnerMobile/Content/MedievalDungeon/Textures/T_Bed_C.uasset" 568
"../../../Projects/EndlessRunnerMobile/Content/MedievalDungeon/Textures/T_Bed_N.uasset" 569
"../../../Projects/EndlessRunnerMobile/Content/MedievalDungeon/Materials/M_Bed_Inst.uasset" 570
"../../../Projects/EndlessRunnerMobile/Content/MedievalDungeon/Meshes/Props/SM_Bed.uasset" 571
"../../../Projects/EndlessRunnerMobile/Content/MedievalDungeon/Meshes/Props/SM_Coffin.uasset" 572
"../../../Projects/EndlessRunnerMobile/Content/MedievalDungeon/Meshes/Props/SM_Decor_Chains_A.uasset" 573
"../../../Projects/EndlessRunnerMobile/Content/MedievalDungeon/Meshes/Props/SM_Decor_Chains_B.uasset" 574
"../../../Projects/EndlessRunnerMobile/Content/MedievalDungeon/Meshes/Props/SM_Decor_Ring.uasset" 575
"../../../Projects/EndlessRunnerMobile/Content/MedievalDungeon/Textures/T_Dirt_Mound_Texturing_A.uasset" 576
"../../../Projects/EndlessRunnerMobile/Content/MedievalDungeon/Textures/T_Dirt_Mound_Texturing_C.uasset" 577
"../../../Projects/EndlessRunnerMobile/Content/MedievalDungeon/Textures/T_Dirt_Mound_Texturing_N.uasset" 578
"../../../Projects/EndlessRunnerMobile/Content/MedievalDungeon/Materials/M_Dirt_Mounds_Inst.uasset" 579
"../../../Projects/EndlessRunnerMobile/Content/MedievalDungeon/Meshes/Props/SM_Dirt_Mound_A.uasset" 580
"../../../Projects/EndlessRunnerMobile/Content/MedievalDungeon/Meshes/Props/SM_Dirt_Mound_B.uasset" 581
"../../../Projects/EndlessRunnerMobile/Content/MedievalDungeon/Meshes/Props/SM_Dirt_Mound_C.uasset" 582
"../../../Projects/EndlessRunnerMobile/Content/MedievalDungeon/Meshes/Props/SM_Dirt_Mound_D.uasset" 583
"../../../Projects/EndlessRunnerMobile/Content/MedievalDungeon/Meshes/Props/SM_Gargoyle_Statue_On_Stand.uasset" 584
"../../../Projects/EndlessRunnerMobile/Content/MedievalDungeon/Meshes/Props/SM_Gibbet_Cage_Open.uasset" 585
"../../../Projects/EndlessRunnerMobile/Content/MedievalDungeon/Meshes/Props/SM_Handcuff.uasset" 586
"../../../Projects/EndlessRunnerMobile/Content/MedievalDungeon/Meshes/Props/SM_Lock_Closed.uasset" 587
"../../../Projects/EndlessRunnerMobile/Content/MedievalDungeon/Meshes/Props/SM_Lock_Key.uasset" 588
"../../../Projects/EndlessRunnerMobile/Content/MedievalDungeon/Meshes/Props/SM_Lock_Open.uasset" 589
"../../../Projects/EndlessRunnerMobile/Content/MedievalDungeon/Textures/T_Pots_Texturing_A.uasset" 590
"../../../Projects/EndlessRunnerMobile/Content/MedievalDungeon/Textures/T_Pots_Texturing_C.uasset" 591
"../../../Projects/EndlessRunnerMobile/Content/MedievalDungeon/Textures/T_Pots_Texturing_N.uasset" 592
"../../../Projects/EndlessRunnerMobile/Content/MedievalDungeon/Materials/M_Pots_Inst.uasset" 593
"../../../Projects/EndlessRunnerMobile/Content/MedievalDungeon/Meshes/Props/SM_Pot_A_Body.uasset" 594
"../../../Projects/EndlessRunnerMobile/Content/MedievalDungeon/Meshes/Props/SM_Pot_A_Complete.uasset" 595
"../../../Projects/EndlessRunnerMobile/Content/MedievalDungeon/Meshes/Props/SM_Pot_A_Lid.uasset" 596
"../../../Projects/EndlessRunnerMobile/Content/MedievalDungeon/Meshes/Props/SM_Pot_B_Body.uasset" 597
"../../../Projects/EndlessRunnerMobile/Content/MedievalDungeon/Meshes/Props/SM_Pot_B_Complete.uasset" 598
"../../../Projects/EndlessRunnerMobile/Content/MedievalDungeon/Meshes/Props/SM_Pot_B_Lid.uasset" 599
"../../../Projects/EndlessRunnerMobile/Content/MedievalDungeon/Meshes/Props/SM_Pot_C_Body.uasset" 600
"../../../Projects/EndlessRunnerMobile/Content/MedievalDungeon/Meshes/Props/SM_Pot_C_Complete.uasset" 601
"../../../Projects/EndlessRunnerMobile/Content/MedievalDungeon/Meshes/Props/SM_Pot_C_Lid.uasset" 602
"../../../Projects/EndlessRunnerMobile/Content/MedievalDungeon/Textures/T_Statue_Hooded_A.uasset" 603
"../../../Projects/EndlessRunnerMobile/Content/MedievalDungeon/Textures/T_Statue_Hooded_N.uasset" 604
"../../../Projects/EndlessRunnerMobile/Content/MedievalDungeon/Textures/T_Statue_Hooded_R.uasset" 605
"../../../Projects/EndlessRunnerMobile/Content/MedievalDungeon/Materials/M_Statue.uasset" 606
"../../../Projects/EndlessRunnerMobile/Content/MedievalDungeon/Meshes/Props/SM_Statue_Hooded.uasset" 607
"../../../Projects/EndlessRunnerMobile/Content/MedievalDungeon/Textures/T_Statue_Stand_A.uasset" 608
"../../../Projects/EndlessRunnerMobile/Content/MedievalDungeon/Textures/T_Statue_Stand_C.uasset" 609
"../../../Projects/EndlessRunnerMobile/Content/MedievalDungeon/Textures/T_Statue_Stand_N.uasset" 610
"../../../Projects/EndlessRunnerMobile/Content/MedievalDungeon/Materials/M_Statue_Stand_Inst.uasset" 611
"../../../Projects/EndlessRunnerMobile/Content/MedievalDungeon/Meshes/Props/SM_Statue_Stand.uasset" 612
"../../../Projects/EndlessRunnerMobile/Content/MedievalDungeon/Textures/T_Stocks_A.uasset" 613
"../../../Projects/EndlessRunnerMobile/Content/MedievalDungeon/Textures/T_Stocks_C.uasset" 614
"../../../Projects/EndlessRunnerMobile/Content/MedievalDungeon/Textures/T_Stocks_N.uasset" 615
"../../../Projects/EndlessRunnerMobile/Content/MedievalDungeon/Materials/M_Stocks_Inst.uasset" 616
"../../../Projects/EndlessRunnerMobile/Content/MedievalDungeon/Meshes/Props/SM_Stocks_Game_Ready.uasset" 617
"../../../Projects/EndlessRunnerMobile/Content/MedievalDungeon/Textures/T_Stone_Coffin_A.uasset" 618
"../../../Projects/EndlessRunnerMobile/Content/MedievalDungeon/Textures/T_Stone_Coffin_C.uasset" 619
"../../../Projects/EndlessRunnerMobile/Content/MedievalDungeon/Textures/T_Stone_Coffin_N.uasset" 620
"../../../Projects/EndlessRunnerMobile/Content/MedievalDungeon/Materials/M_Stone_Coffin_Inst.uasset" 621
"../../../Projects/EndlessRunnerMobile/Content/MedievalDungeon/Meshes/Props/SM_Stone_Coffin.uasset" 622
"../../../Projects/EndlessRunnerMobile/Content/MedievalDungeon/Meshes/Props/SM_Stone_Coffin_Body.uasset" 623
"../../../Projects/EndlessRunnerMobile/Content/MedievalDungeon/Meshes/Props/SM_Stone_Coffin_Lid.uasset" 624
"../../../Projects/EndlessRunnerMobile/Content/MedievalDungeon/Textures/T_Table_A.uasset" 625
"../../../Projects/EndlessRunnerMobile/Content/MedievalDungeon/Textures/T_Table_C.uasset" 626
"../../../Projects/EndlessRunnerMobile/Content/MedievalDungeon/Textures/T_Table_N.uasset" 627
"../../../Projects/EndlessRunnerMobile/Content/MedievalDungeon/Materials/M_Table_Inst.uasset" 628
"../../../Projects/EndlessRunnerMobile/Content/MedievalDungeon/Meshes/Props/SM_Table.uasset" 629
"../../../Projects/EndlessRunnerMobile/Content/MedievalDungeon/Meshes/Props/SM_Torture_Chair.uasset" 630
"../../../Projects/EndlessRunnerMobile/Content/MedievalDungeon/Meshes/Props/SM_Wood_G.uasset" 631
"../../../Projects/EndlessRunnerMobile/Content/MedievalDungeon/Meshes/Skeletons/SM_Bones_Arm.uasset" 632
"../../../Projects/EndlessRunnerMobile/Content/MedievalDungeon/Meshes/Skeletons/SM_Bones_ClavicalLeft.uasset" 633
"../../../Projects/EndlessRunnerMobile/Content/MedievalDungeon/Meshes/Skeletons/SM_Bones_ClavicalRight.uasset" 634
"../../../Projects/EndlessRunnerMobile/Content/MedievalDungeon/Meshes/Skeletons/SM_Bones_FemurLeft.uasset" 635
"../../../Projects/EndlessRunnerMobile/Content/MedievalDungeon/Meshes/Skeletons/SM_Bones_FemurRight.uasset" 636
"../../../Projects/EndlessRunnerMobile/Content/MedievalDungeon/Meshes/Skeletons/SM_Bones_FibulaLeft.uasset" 637
"../../../Projects/EndlessRunnerMobile/Content/MedievalDungeon/Meshes/Skeletons/SM_Bones_FibulaRight.uasset" 638
"../../../Projects/EndlessRunnerMobile/Content/MedievalDungeon/Meshes/Skeletons/SM_Bones_FootLeft.uasset" 639
"../../../Projects/EndlessRunnerMobile/Content/MedievalDungeon/Meshes/Skeletons/SM_Bones_HandLeft.uasset" 640
"../../../Projects/EndlessRunnerMobile/Content/MedievalDungeon/Meshes/Skeletons/SM_Bones_HandRight.uasset" 641
"../../../Projects/EndlessRunnerMobile/Content/MedievalDungeon/Meshes/Skeletons/SM_Bones_Hips.uasset" 642
"../../../Projects/EndlessRunnerMobile/Content/MedievalDungeon/Meshes/Skeletons/SM_Bones_Jaw.uasset" 643
"../../../Projects/EndlessRunnerMobile/Content/MedievalDungeon/Meshes/Skeletons/SM_Bones_Leg.uasset" 644
"../../../Projects/EndlessRunnerMobile/Content/MedievalDungeon/Meshes/Skeletons/SM_Bones_Neck.uasset" 645
"../../../Projects/EndlessRunnerMobile/Content/MedievalDungeon/Meshes/Skeletons/SM_Bones_RadiusLeft.uasset" 646
"../../../Projects/EndlessRunnerMobile/Content/MedievalDungeon/Meshes/Skeletons/SM_Bones_RadiusRight.uasset" 647
"../../../Projects/EndlessRunnerMobile/Content/MedievalDungeon/Meshes/Skeletons/SM_Bones_RibCage.uasset" 648
"../../../Projects/EndlessRunnerMobile/Content/MedievalDungeon/Meshes/Skeletons/SM_Bones_ScapulaLeft.uasset" 649
"../../../Projects/EndlessRunnerMobile/Content/MedievalDungeon/Meshes/Skeletons/SM_Bones_Skull.uasset" 650
"../../../Projects/EndlessRunnerMobile/Content/MedievalDungeon/Meshes/Skeletons/SM_Bones_TibiaLeft.uasset" 651
"../../../Projects/EndlessRunnerMobile/Content/MedievalDungeon/Meshes/Skeletons/SM_Bones_TibiaRight.uasset" 652
"../../../Projects/EndlessRunnerMobile/Content/MedievalDungeon/Meshes/Skeletons/SM_Bones_UlnaLeft.uasset" 653
"../../../Projects/EndlessRunnerMobile/Content/MedievalDungeon/Meshes/Skeletons/SM_Bones_UlnaRight.uasset" 654
"../../../Projects/EndlessRunnerMobile/Content/MedievalDungeon/Meshes/Skeletons/SM_Skeleton_01.uasset" 655
"../../../Projects/EndlessRunnerMobile/Content/MedievalDungeon/Meshes/Skeletons/SM_Skeleton_02.uasset" 656
"../../../Projects/EndlessRunnerMobile/Content/MedievalDungeon/Meshes/Skeletons/SM_Skeleton_03.uasset" 657
"../../../Projects/EndlessRunnerMobile/Content/MedievalDungeon/Meshes/Skeletons/SM_Skeleton_05.uasset" 658
"../../../Projects/EndlessRunnerMobile/Content/MedievalDungeon/Particles/P_Pit_Fire.uasset" 659
"../../../Projects/EndlessRunnerMobile/Content/MedievalDungeon/Textures/T_Medieval_Dungeon_LUT.uasset" 660
"../../../Projects/EndlessRunnerMobile/Content/MedievalDungeon/Maps/Demonstration.umap" 661
"../../../Projects/EndlessRunnerMobile/Content/ThirdPersonBP/Blueprints/Camera_Bp.uasset" 662
"../../../Projects/EndlessRunnerMobile/Content/ThirdPersonBP/Maps/ThirdPersonExampleMap_BuiltData.uasset" 663
"../../../Projects/EndlessRunnerMobile/Content/Geometry/Meshes/1M_Cube.uasset" 664
"../../../Projects/EndlessRunnerMobile/Content/Geometry/Meshes/TemplateFloor.uasset" 665
"../../../Projects/EndlessRunnerMobile/Content/ThirdPersonBP/Maps/ThirdPersonExampleMap.umap" 666
"../../../Engine/Content/Maps/Entry_BuiltData.uasset" 667
"../../../Engine/Content/Maps/Entry.umap" 668
