"../../../Engine/Content/Animation/DefaultAnimBoneCompressionSettings.uasset" 0
"../../../Projects/EndlessRunnerMobile/Content/Character/Run__1__Skeleton.uasset" 1
"../../../Projects/EndlessRunnerMobile/Content/Character/Idle__1_.uasset" 2
"../../../Projects/EndlessRunnerMobile/Content/Character/SM_Mausoleum_Lid_C.uasset" 3
"../../../Engine/Content/Functions/Engine_MaterialFunctions01/Opacity/CameraDepthFade.uasset" 4
"../../../Engine/Content/EngineMaterials/T_Default_Material_Grid_M.uasset" 5
"../../../Engine/Content/EngineMaterials/T_Default_Material_Grid_N.uasset" 6
"../../../Engine/Content/EngineMaterials/WorldGridMaterial.uasset" 7
"../../../Projects/EndlessRunnerMobile/Content/Character/Material/shopk_LOD0.uasset" 8
"../../../Projects/EndlessRunnerMobile/Content/Geometry/Meshes/CubeMaterial.uasset" 9
"../../../Projects/EndlessRunnerMobile/Content/Geometry/Meshes/1M_Cube_Chamfer.uasset" 10
"../../../Projects/EndlessRunnerMobile/Content/Mannequin/Character/Mesh/UE4_Mannequin_Skeleton.uasset" 11
"../../../Projects/EndlessRunnerMobile/Content/Mannequin/Animations/ThirdPersonJump_End.uasset" 12
"../../../Projects/EndlessRunnerMobile/Content/ThirdPerson/Meshes/RampMaterial.uasset" 13
"../../../Projects/EndlessRunnerMobile/Content/ThirdPerson/Meshes/Bump_StaticMesh.uasset" 14
"../../../Projects/EndlessRunnerMobile/Content/ThirdPerson/Meshes/LeftArm_StaticMesh.uasset" 15
"../../../Projects/EndlessRunnerMobile/Content/ThirdPerson/Meshes/Linear_Stair_StaticMesh.uasset" 16
"../../../Projects/EndlessRunnerMobile/Content/ThirdPerson/Meshes/Ramp_StaticMesh.uasset" 17
"../../../Projects/EndlessRunnerMobile/Content/ThirdPerson/Meshes/RightArm_StaticMesh.uasset" 18
"../../../Projects/EndlessRunnerMobile/Content/ThirdPersonBP/ThirdPersonOverview.uasset" 19
"../../../Engine/Content/BasicShapes/BasicShapeMaterial.uasset" 20
"../../../Projects/EndlessRunnerMobile/Content/Character/MocapSuit02_diffuse.uasset" 21
"../../../Projects/EndlessRunnerMobile/Content/Character/Brows_MAT.uasset" 22
"../../../Projects/EndlessRunnerMobile/Content/Character/M_BrickFloor_Clean_Inst.uasset" 23
"../../../Engine/Content/BasicShapes/Cube.uasset" 24
"../../../Projects/EndlessRunnerMobile/Content/Character/SM_Gargoyle_Statue.uasset" 25
"../../../Projects/EndlessRunnerMobile/Content/ThirdPersonBP/Blueprints/Obstacle_BP.uasset" 26
"../../../Projects/EndlessRunnerMobile/Content/Character/Jump__1_.uasset" 27
"../../../Projects/EndlessRunnerMobile/Content/Character/Run__1__Anim.uasset" 28
"../../../Projects/EndlessRunnerMobile/Content/Character/Character_AnimBP.uasset" 29
"../../../Engine/Content/EditorBlueprintResources/StandardMacros.uasset" 30
"../../../Projects/EndlessRunnerMobile/Content/Mannequin/Animations/ThirdPerson_Jump.uasset" 31
"../../../Projects/EndlessRunnerMobile/Content/Mannequin/Animations/ThirdPersonJump_Loop.uasset" 32
"../../../Projects/EndlessRunnerMobile/Content/Mannequin/Animations/ThirdPersonJump_Start.uasset" 33
"../../../Projects/EndlessRunnerMobile/Content/Mannequin/Animations/ThirdPersonIdle.uasset" 34
"../../../Projects/EndlessRunnerMobile/Content/Mannequin/Animations/ThirdPersonRun.uasset" 35
"../../../Projects/EndlessRunnerMobile/Content/Mannequin/Animations/ThirdPersonWalk.uasset" 36
"../../../Projects/EndlessRunnerMobile/Content/Mannequin/Animations/ThirdPerson_IdleRun_2D.uasset" 37
"../../../Projects/EndlessRunnerMobile/Content/Mannequin/Animations/ThirdPerson_AnimBP.uasset" 38
"../../../Engine/Content/Functions/Engine_MaterialFunctions02/Utility/BlendAngleCorrectedNormals.uasset" 39
"../../../Engine/Content/Functions/MaterialLayerFunctions/MatLayerBlend_NormalBlend.uasset" 40
"../../../Engine/Content/Functions/MaterialLayerFunctions/MatLayerBlend_Simple.uasset" 41
"../../../Projects/EndlessRunnerMobile/Content/Mannequin/Character/Materials/MaterialLayers/T_ML_Rubber_Blue_01_D.uasset" 42
"../../../Projects/EndlessRunnerMobile/Content/Mannequin/Character/Materials/MaterialLayers/T_ML_Rubber_Blue_01_N.uasset" 43
"../../../Projects/EndlessRunnerMobile/Content/Mannequin/Character/Materials/MaterialLayers/ML_GlossyBlack_Latex_UE4.uasset" 44
"../../../Projects/EndlessRunnerMobile/Content/Mannequin/Character/Materials/MaterialLayers/ML_Plastic_Shiny_Beige.uasset" 45
"../../../Projects/EndlessRunnerMobile/Content/Mannequin/Character/Textures/UE4_LOGO_CARD.uasset" 46
"../../../Projects/EndlessRunnerMobile/Content/Mannequin/Character/Materials/MaterialLayers/ML_Plastic_Shiny_Beige_LOGO.uasset" 47
"../../../Projects/EndlessRunnerMobile/Content/Mannequin/Character/Materials/MaterialLayers/T_ML_Aluminum01.uasset" 48
"../../../Projects/EndlessRunnerMobile/Content/Mannequin/Character/Materials/MaterialLayers/T_ML_Aluminum01_N.uasset" 49
"../../../Projects/EndlessRunnerMobile/Content/Mannequin/Character/Materials/MaterialLayers/ML_SoftMetal_UE4.uasset" 50
"../../../Projects/EndlessRunnerMobile/Content/Mannequin/Character/Textures/UE4_Mannequin__normals.uasset" 51
"../../../Projects/EndlessRunnerMobile/Content/Mannequin/Character/Textures/UE4_Mannequin_MAT_MASKA.uasset" 52
"../../../Projects/EndlessRunnerMobile/Content/Mannequin/Character/Materials/M_UE4Man_Body.uasset" 53
"../../../Projects/EndlessRunnerMobile/Content/Mannequin/Character/Textures/UE4Man_Logo_N.uasset" 54
"../../../Projects/EndlessRunnerMobile/Content/Mannequin/Character/Materials/M_UE4Man_ChestLogo.uasset" 55
"../../../Projects/EndlessRunnerMobile/Content/Mannequin/Character/Mesh/SK_Mannequin_PhysicsAsset.uasset" 56
"../../../Projects/EndlessRunnerMobile/Content/Mannequin/Character/Mesh/SK_Mannequin.uasset" 57
"../../../Projects/EndlessRunnerMobile/Content/ThirdPersonBP/Blueprints/Catcher.uasset" 58
"../../../Projects/EndlessRunnerMobile/Content/Character/Body_MAT.uasset" 59
"../../../Projects/EndlessRunnerMobile/Content/Character/Eye_MAT.uasset" 60
"../../../Projects/EndlessRunnerMobile/Content/Character/Eye_Spec_MAT.uasset" 61
"../../../Projects/EndlessRunnerMobile/Content/Character/Reflectors.uasset" 62
"../../../Projects/EndlessRunnerMobile/Content/Character/Reflectors_ncl1_1.uasset" 63
"../../../Projects/EndlessRunnerMobile/Content/Character/Run__1__PhysicsAsset.uasset" 64
"../../../Projects/EndlessRunnerMobile/Content/Character/Run__1_.uasset" 65
"../../../Projects/EndlessRunnerMobile/Content/ThirdPersonBP/Blueprints/kuyas-wallpaper-itachi-hup4adoyyiqca0y8.uasset" 66
"../../../Projects/EndlessRunnerMobile/Content/ThirdPersonBP/Blueprints/menu.uasset" 67
"../../../Projects/EndlessRunnerMobile/Content/ThirdPersonBP/Blueprints/ThirdPersonCharacter.uasset" 68
"../../../Projects/EndlessRunnerMobile/Content/ThirdPersonBP/Blueprints/Corridor_BP.uasset" 69
"../../../Projects/EndlessRunnerMobile/Content/ThirdPersonBP/Blueprints/Corridor.uasset" 70
"../../../Projects/EndlessRunnerMobile/Content/ThirdPersonBP/Blueprints/ThirdPersonGameMode.uasset" 71
"../../../Engine/Content/Animation/DefaultAnimCurveCompressionSettings.uasset" 72
"../../../Engine/Content/ArtTools/RenderToTexture/Meshes/S_1_Unit_Plane.uasset" 73
"../../../Engine/Content/EngineMaterials/DefaultMaterial.uasset" 74
"../../../Engine/Content/BasicShapes/Cone.uasset" 75
"../../../Engine/Content/BasicShapes/Cylinder.uasset" 76
"../../../Engine/Content/BasicShapes/Plane.uasset" 77
"../../../Engine/Content/BasicShapes/Sphere.uasset" 78
"../../../Engine/Content/EditorLandscapeResources/DataLayer.uasset" 79
"../../../Engine/Content/EditorMaterials/MAT_Groups_Toggle.uasset" 80
"../../../Engine/Content/EditorMaterials/MAT_Groups_Visibility.uasset" 81
"../../../Engine/Content/EditorMaterials/PreviewShadowIndicator.uasset" 82
"../../../Engine/Content/EditorMaterials/PreviewShadowIndicatorMaterial.uasset" 83
"../../../Engine/Content/EditorMaterials/MatineeGroups/MAT_ColorTrack.uasset" 84
"../../../Engine/Content/EditorMaterials/MatineeGroups/MAT_Groups_Anim.uasset" 85
"../../../Engine/Content/EditorMaterials/MatineeGroups/MAT_Groups_AudioMaster.uasset" 86
"../../../Engine/Content/EditorMaterials/MatineeGroups/MAT_Groups_Director.uasset" 87
"../../../Engine/Content/EditorMaterials/MatineeGroups/MAT_Groups_Event.uasset" 88
"../../../Engine/Content/EditorMaterials/MatineeGroups/MAT_Groups_Fade.uasset" 89
"../../../Engine/Content/EditorMaterials/MatineeGroups/MAT_Groups_Float.uasset" 90
"../../../Engine/Content/EditorMaterials/MatineeGroups/MAT_Groups_Move.uasset" 91
"../../../Engine/Content/EditorMaterials/MatineeGroups/MAT_Groups_Slomo.uasset" 92
"../../../Engine/Content/EditorMaterials/MatineeGroups/MAT_Groups_Sound.uasset" 93
"../../../Engine/Content/EditorMaterials/MatineeGroups/MAT_Groups_Vector.uasset" 94
"../../../Engine/Content/EditorMaterials/ParticleSystems/PSysThumbnail_NoImage.uasset" 95
"../../../Engine/Content/EditorMaterials/ParticleSystems/PSysThumbnail_OOD.uasset" 96
"../../../Engine/Content/EditorMaterials/Camera/CineMat.uasset" 97
"../../../Engine/Content/EditorMaterials/Camera/MI_CineMat_Rig.uasset" 98
"../../../Engine/Content/EditorMeshes/Camera/SM_CraneRig_Arm.uasset" 99
"../../../Engine/Content/EditorMeshes/Camera/SM_CraneRig_Base.uasset" 100
"../../../Engine/Content/EditorMeshes/Camera/SM_CraneRig_Body.uasset" 101
"../../../Engine/Content/EditorMeshes/Camera/SM_CraneRig_Mount.uasset" 102
"../../../Engine/Content/EditorMeshes/Camera/SM_RailRig_Mount.uasset" 103
"../../../Engine/Content/EditorMeshes/Camera/SM_RailRig_Track.uasset" 104
"../../../Engine/Content/EditorResources/BSPVertex.uasset" 105
"../../../Engine/Content/EditorResources/EmptyActor.uasset" 106
"../../../Engine/Content/EditorResources/S_Actor.uasset" 107
"../../../Engine/Content/EditorResources/S_Note.uasset" 108
"../../../Engine/Content/EditorResources/S_Solver.uasset" 109
"../../../Engine/Content/EditorResources/S_Trigger.uasset" 110
"../../../Engine/Content/EditorResources/LightIcons/S_LightError.uasset" 111
"../../../Engine/Content/EditorResources/SequenceRecorder/Countdown.uasset" 112
"../../../Engine/Content/EditorResources/SequenceRecorder/RecordingIndicator.uasset" 113
"../../../Engine/Content/EditorSounds/Notifications/CompileFailed.uasset" 114
"../../../Engine/Content/EditorSounds/Notifications/CompileFailed_Cue.uasset" 115
"../../../Engine/Content/EditorSounds/Notifications/CompileSuccess.uasset" 116
"../../../Engine/Content/EditorSounds/Notifications/CompileStart_Cue.uasset" 117
"../../../Engine/Content/EditorSounds/Notifications/CompileSuccess_Cue.uasset" 118
"../../../Engine/Content/EngineDamageTypes/DmgTypeBP_Environmental.uasset" 119
"../../../Engine/Content/EngineDebugMaterials/DebugEditorMaterial.uasset" 120
"../../../Engine/Content/EngineDebugMaterials/DebugMeshMaterial.uasset" 121
"../../../Engine/Content/EngineDebugMaterials/M_SimpleUnlitTranslucent.uasset" 122
"../../../Engine/Content/Functions/Engine_MaterialFunctions02/Utility/CameraDirectionVector.uasset" 123
"../../../Engine/Content/EngineDebugMaterials/VolumeToRender.uasset" 124
"../../../Engine/Content/EngineDebugMaterials/M_VolumeRenderSphereTracePP.uasset" 125
"../../../Engine/Content/EngineDebugMaterials/WireframeMaterial.uasset" 126
"../../../Engine/Content/EngineFonts/Faces/DroidSansFallback.uasset" 127
"../../../Engine/Content/EngineFonts/Faces/RobotoBold.uasset" 128
"../../../Engine/Content/EngineFonts/Faces/RobotoBoldItalic.uasset" 129
"../../../Engine/Content/EngineFonts/Faces/RobotoItalic.uasset" 130
"../../../Engine/Content/EngineFonts/Faces/RobotoLight.uasset" 131
"../../../Engine/Content/EngineFonts/Faces/RobotoRegular.uasset" 132
"../../../Engine/Content/EngineFonts/Roboto.uasset" 133
"../../../Engine/Content/EngineMaterials/BaseFlattenDiffuseMap.uasset" 134
"../../../Engine/Content/EngineMaterials/BaseFlattenEmissiveMap.uasset" 135
"../../../Engine/Content/EngineMaterials/BaseFlattenGrayscaleMap.uasset" 136
"../../../Engine/Content/EngineMaterials/BaseFlattenNormalMap.uasset" 137
"../../../Engine/Content/EngineMaterials/BaseFlattenMaterial.uasset" 138
"../../../Engine/Content/EngineMaterials/BlueNoise.uasset" 139
"../../../Engine/Content/EngineMaterials/DefaultBloomKernel.uasset" 140
"../../../Engine/Content/EngineMaterials/DefaultBokeh.uasset" 141
"../../../Engine/Content/EngineMaterials/DefaultDiffuse.uasset" 142
"../../../Engine/Content/EngineMaterials/DefaultDeferredDecalMaterial.uasset" 143
"../../../Engine/Content/EngineMaterials/DefaultLightFunctionMaterial.uasset" 144
"../../../Engine/Content/EngineMaterials/DefaultPhysicalMaterial.uasset" 145
"../../../Engine/Content/Functions/Engine_MaterialFunctions02/Utility/BreakOutFloat2Components.uasset" 146
"../../../Engine/Content/EngineMaterials/DefaultPostProcessMaterial.uasset" 147
"../../../Engine/Content/EngineFonts/RobotoDistanceField.uasset" 148
"../../../Engine/Content/EngineMaterials/DefaultTextMaterialOpaque.uasset" 149
"../../../Engine/Content/EngineMaterials/DefaultWhiteGrid.uasset" 150
"../../../Engine/Content/EngineMaterials/DefaultWhiteGrid_Low.uasset" 151
"../../../Engine/Content/EngineMaterials/EmissiveMeshMaterial.uasset" 152
"../../../Engine/Content/EngineMaterials/GizmoMaterial.uasset" 153
"../../../Engine/Content/EngineMaterials/Good64x64TilingNoiseHighFreq.uasset" 154
"../../../Engine/Content/EngineMaterials/MiniFont.uasset" 155
"../../../Engine/Content/EngineMaterials/InvalidLightmapSettings.uasset" 156
"../../../Engine/Content/EngineMaterials/M_InvalidLightmapSettings.uasset" 157
"../../../Engine/Content/Functions/Engine_MaterialFunctions02/WorldPositionOffset/CameraOffset.uasset" 158
"../../../Engine/Content/EngineMaterials/PhAT_JointLimitMaterial.uasset" 159
"../../../Engine/Content/EngineMaterials/PreintegratedSkinBRDF.uasset" 160
"../../../Engine/Content/EngineMaterials/RemoveSurfaceMaterial.uasset" 161
"../../../Engine/Content/EngineMaterials/WeightMapPlaceholderTexture.uasset" 162
"../../../Engine/Content/EngineResources/WhiteSquareTexture.uasset" 163
"../../../Engine/Content/EngineMaterials/Widget3DPassThrough.uasset" 164
"../../../Engine/Content/EngineMaterials/Widget3DPassThrough_Masked.uasset" 165
"../../../Engine/Content/EngineMaterials/Widget3DPassThrough_Opaque.uasset" 166
"../../../Engine/Content/EngineMaterials/Widget3DPassThrough_Masked_OneSided.uasset" 167
"../../../Engine/Content/EngineMaterials/Widget3DPassThrough_Opaque_OneSided.uasset" 168
"../../../Engine/Content/EngineMaterials/Widget3DPassThrough_Translucent.uasset" 169
"../../../Engine/Content/EngineMaterials/Widget3DPassThrough_Translucent_OneSided.uasset" 170
"../../../Engine/Content/EngineMeshes/Cylinder.uasset" 171
"../../../Engine/Content/EngineMeshes/Sphere.uasset" 172
"../../../Engine/Content/EngineResources/Black.uasset" 173
"../../../Engine/Content/EngineResources/DefaultTexture.uasset" 174
"../../../Engine/Content/EngineResources/DefaultTextureCube.uasset" 175
"../../../Engine/Content/EngineResources/DefaultVolumeTexture2D.uasset" 176
"../../../Engine/Content/EngineResources/DefaultVolumeTexture.uasset" 177
"../../../Engine/Content/EngineResources/GradientTexture0.uasset" 178
"../../../Engine/Content/EngineSounds/Master.uasset" 179
"../../../Engine/Content/Functions/Engine_MaterialFunctions01/Shading/ConvertFromDiffSpec.uasset" 180
"../../../Engine/Content/Functions/Engine_MaterialFunctions01/Shading/PowerToRoughness.uasset" 181
"../../../Engine/Content/Maps/Templates/Thumbnails/Default.uasset" 182
"../../../Engine/Content/Maps/Templates/Thumbnails/TimeOfDay.uasset" 183
"../../../Engine/Content/Maps/Templates/Thumbnails/VR-Basic.uasset" 184
"../../../Engine/Content/MobileResources/T_MobileControls_texture.uasset" 185
"../../../Engine/Content/MobileResources/T_MobileMenu2.uasset" 186
"../../../Engine/Content/MobileResources/HUD/AnalogHat.uasset" 187
"../../../Engine/Content/MobileResources/HUD/VirtualJoystick_Background.uasset" 188
"../../../Engine/Content/MobileResources/HUD/VirtualJoystick_Thumb.uasset" 189
"../../../Engine/Content/MobileResources/HUD/DefaultVirtualJoysticks.uasset" 190
"../../../Engine/Content/MobileResources/HUD/LeftVirtualJoystickOnly.uasset" 191
"../../../Engine/Content/MobileResources/HUD/MobileHUDButton1_off.uasset" 192
"../../../Engine/Content/MobileResources/HUD/MobileHUDButton1_on.uasset" 193
"../../../Engine/Content/MobileResources/HUD/MobileHUDButton2_off.uasset" 194
"../../../Engine/Content/MobileResources/HUD/MobileHUDButton2_on.uasset" 195
"../../../Engine/Content/MobileResources/HUD/MobileHUDButton3.uasset" 196
"../../../Engine/Content/MobileResources/HUD/MobileHUDButtonFire.uasset" 197
"../../../Engine/Content/MobileResources/HUD/MobileHUDDirectionPad.uasset" 198
"../../../Engine/Content/MobileResources/HUD/MobileHUDDirectionPad2.uasset" 199
"../../../Engine/Content/MobileResources/HUD/MobileHUDDirectionPad3.uasset" 200
"../../../Engine/Content/MobileResources/HUD/MobileHUDDirectionStick.uasset" 201
"../../../Engine/Content/MobileResources/HUD/T_Castle_ThumbstickInner.uasset" 202
"../../../Engine/Content/MobileResources/HUD/T_Castle_ThumbstickOutter.uasset" 203
"../../../Engine/Content/Tutorial/ContentIntroCurve.uasset" 204
"../../../Engine/Content/Tutorial/Basics/LevelEditorAttract.uasset" 205
"../../../Engine/Content/VREditor/LaserPointer/VR_LaserPower_01.uasset" 206
"../../../Engine/Content/VREditor/TransformGizmo/TransformGizmoMaterial.uasset" 207
"../../../Engine/Content/VREditor/TransformGizmo/TranslucentTransformGizmoMaterial.uasset" 208
"../../../Engine/Content/VREditor/TransformGizmo/BoundingBoxCorner.uasset" 209
"../../../Engine/Content/VREditor/TransformGizmo/BoundingBoxEdge.uasset" 210
"../../../Engine/Content/VREditor/TransformGizmo/PlaneTranslationHandle.uasset" 211
"../../../Engine/Content/VREditor/TransformGizmo/Main.uasset" 212
"../../../Engine/Content/VREditor/TransformGizmo/Xray.uasset" 213
"../../../Engine/Content/VREditor/TransformGizmo/SM_Sequencer_Key.uasset" 214
"../../../Engine/Content/VREditor/TransformGizmo/SM_Sequencer_Node.uasset" 215
"../../Plugins/2D/Paper2D/Content/PlaceholderTextures/DummySpriteTexture.uasset" 216
"../../Plugins/2D/Paper2D/Content/DummySprite.uasset" 217
"../../Plugins/2D/Paper2D/Content/DefaultPaperTerrainMaterial.uasset" 218
"../../Plugins/2D/Paper2D/Content/DefaultSpriteMaterial.uasset" 219
"../../Plugins/2D/Paper2D/Content/MaskedUnlitSpriteMaterial.uasset" 220
"../../Plugins/2D/Paper2D/Content/OpaqueUnlitSpriteMaterial.uasset" 221
"../../Plugins/FX/Niagara/Content/Enums/ENiagaraBooleanLogicOps.uasset" 222
"../../Plugins/FX/Niagara/Content/Enums/ENiagaraCoordinateSpace.uasset" 223
"../../Plugins/FX/Niagara/Content/Enums/ENiagaraExpansionMode.uasset" 224
"../../Plugins/FX/Niagara/Content/Enums/ENiagaraOrientationAxis.uasset" 225
"../../Plugins/FX/Niagara/Content/Enums/ENiagaraRandomnessMode.uasset" 226
"../../../Engine/Content/Functions/Engine_MaterialFunctions02/Utility/BreakOutFloat4Components.uasset" 227
"../../../Engine/Content/Functions/Engine_MaterialFunctions02/Utility/MakeFloat2.uasset" 228
"../../../Engine/Content/Functions/Engine_MaterialFunctions02/Utility/MakeFloat3.uasset" 229
"../../Plugins/Runtime/Oculus/OculusVR/Content/Materials/OculusMR_ChromaKey.uasset" 230
"../../Plugins/Runtime/Oculus/OculusVR/Content/Materials/OculusMR_ChromaKey_Lit.uasset" 231
"../../Plugins/Runtime/Oculus/OculusVR/Content/Materials/OculusMR_OpaqueColoredMaterial.uasset" 232
"../../Plugins/Runtime/Oculus/OculusVR/Content/Materials/OculusMR_WhiteMaterial.uasset" 233
"../../../Engine/Content/EngineSky/C_Sky_Cloud_Color.uasset" 234
"../../../Engine/Content/EngineSky/C_Sky_Horizon_Color.uasset" 235
"../../../Engine/Content/EngineSky/C_Sky_Zenith_Color.uasset" 236
"../../../Engine/Content/EngineSky/T_Sky_Blue.uasset" 237
"../../../Engine/Content/EngineSky/T_Sky_Clouds_M.uasset" 238
"../../../Engine/Content/EngineSky/T_Sky_Stars.uasset" 239
"../../../Engine/Content/EngineSky/M_Sky_Panning_Clouds2.uasset" 240
"../../../Engine/Content/EngineSky/SM_SkySphere.uasset" 241
"../../../Engine/Content/EngineSky/BP_Sky_Sphere.uasset" 242
"../../../Projects/EndlessRunnerMobile/Content/ThirdPersonBP/Blueprints/Camera_Bp.uasset" 243
"../../../Projects/EndlessRunnerMobile/Content/ThirdPersonBP/Maps/ThirdPersonExampleMap_BuiltData.uasset" 244
"../../../Projects/EndlessRunnerMobile/Content/Geometry/Meshes/1M_Cube.uasset" 245
"../../../Projects/EndlessRunnerMobile/Content/Geometry/Meshes/TemplateFloor.uasset" 246
"../../../Projects/EndlessRunnerMobile/Content/ThirdPersonBP/Maps/ThirdPersonExampleMap.umap" 247
"../../../Engine/Content/Maps/Entry_BuiltData.uasset" 248
"../../../Engine/Content/Maps/Entry.umap" 249
